TN:
SF:src/App.jsx
FN:3,App
FNF:1
FNH:1
FNDA:112,App
DA:4,112
DA:5,57
DA:7,57
LF:3
LH:3
BRF:0
BRH:0
end_of_record
TN:
SF:src/main.jsx
FN:8,enableMocking
FN:20,(anonymous_1)
FN:30,(anonymous_2)
FNF:3
FNH:2
FNDA:57,enableMocking
FNDA:56,(anonymous_1)
FNDA:0,(anonymous_2)
DA:9,57
DA:10,57
DA:11,56
DA:20,57
DA:21,56
DA:22,56
DA:23,56
DA:31,0
DA:33,0
LF:9
LH:7
BRDA:9,0,0,57
BRF:1
BRH:1
end_of_record
TN:
SF:src/api/graphql.js
FN:15,graphqlFetch
FN:44,fetchPetsGraphQL
FN:72,fetchVetsGraphQL
FN:93,fetchClientsGraphQL
FN:116,fetchAppointmentsGraphQL
FNF:5
FNH:2
FNDA:68,graphqlFetch
FNDA:68,fetchPetsGraphQL
FNDA:0,fetchVetsGraphQL
FNDA:0,fetchClientsGraphQL
FNDA:0,fetchAppointmentsGraphQL
DA:7,57
DA:16,68
DA:27,46
DA:28,0
DA:31,46
DA:33,40
DA:34,0
DA:37,40
DA:45,68
DA:64,68
DA:65,40
DA:73,0
DA:85,0
DA:86,0
DA:94,0
DA:106,0
DA:107,0
DA:117,0
DA:135,0
DA:136,0
LF:20
LH:9
BRDA:15,0,0,68
BRDA:27,1,0,0
BRDA:33,2,0,0
BRDA:34,3,0,0
BRDA:34,3,1,0
BRDA:116,4,0,0
BRF:6
BRH:1
end_of_record
TN:
SF:src/api/rest.js
FN:7,fetchClients
FN:19,fetchPets
FN:31,fetchVets
FN:44,fetchAppointments
FNF:4
FNH:3
FNDA:50,fetchClients
FNDA:0,fetchPets
FNDA:54,fetchVets
FNDA:50,fetchAppointments
DA:1,57
DA:8,50
DA:9,34
DA:10,0
DA:12,34
DA:20,0
DA:21,0
DA:22,0
DA:24,0
DA:32,54
DA:33,40
DA:34,0
DA:36,40
DA:45,50
DA:46,38
DA:47,0
DA:49,38
LF:17
LH:10
BRDA:9,0,0,0
BRDA:21,1,0,0
BRDA:33,2,0,0
BRDA:46,3,0,0
BRF:4
BRH:0
end_of_record
TN:
SF:src/api/types.js
FNF:0
FNH:0
LF:0
LH:0
BRF:0
BRH:0
end_of_record
TN:
SF:src/app/AppRouter.jsx
FN:10,AppRouter
FNF:1
FNH:1
FNDA:112,AppRouter
DA:10,57
DA:11,112
DA:25,57
LF:3
LH:3
BRF:0
BRH:0
end_of_record
TN:
SF:src/app/MainLayout.jsx
FN:6,MainLayout
FN:11,(anonymous_1)
FN:14,(anonymous_2)
FNF:3
FNH:2
FNDA:112,MainLayout
FNDA:7,(anonymous_1)
FNDA:0,(anonymous_2)
DA:6,112
DA:7,112
DA:9,112
DA:11,7
DA:14,0
DA:29,57
LF:6
LH:5
BRF:0
BRH:0
end_of_record
TN:
SF:src/components/Badge.jsx
FN:16,Badge
FNF:1
FNH:1
FNDA:1176,Badge
DA:5,57
DA:16,57
DA:17,1176
DA:19,1176
DA:24,57
LF:5
LH:5
BRDA:16,0,0,0
BRDA:16,1,0,1176
BRDA:17,2,0,1176
BRDA:17,2,1,0
BRF:4
BRH:2
end_of_record
TN:
SF:src/components/Callout.jsx
FN:5,Callout
FNF:1
FNH:1
FNDA:164,Callout
DA:5,57
DA:6,164
DA:11,57
LF:3
LH:3
BRDA:5,0,0,0
BRF:1
BRH:0
end_of_record
TN:
SF:src/components/Card.jsx
FN:6,Card
FNF:1
FNH:1
FNDA:1440,Card
DA:6,57
DA:7,1440
DA:10,1440
DA:26,1440
DA:31,57
LF:5
LH:5
BRDA:6,0,0,510
BRDA:6,1,0,630
BRDA:6,2,0,1420
BRDA:27,3,0,1440
BRDA:27,3,1,0
BRF:5
BRH:4
end_of_record
TN:
SF:src/components/EmptyState.jsx
FN:3,EmptyState
FNF:1
FNH:0
FNDA:0,EmptyState
DA:3,57
DA:8,0
DA:17,57
LF:3
LH:2
BRDA:4,0,0,0
BRDA:5,1,0,0
BRDA:6,2,0,0
BRF:3
BRH:0
end_of_record
TN:
SF:src/components/ErrorState.jsx
FN:3,ErrorState
FNF:1
FNH:0
FNDA:0,ErrorState
DA:3,57
DA:4,0
DA:21,57
LF:3
LH:2
BRDA:3,0,0,0
BRDA:11,1,0,0
BRDA:11,1,1,0
BRF:3
BRH:0
end_of_record
TN:
SF:src/components/Loading.jsx
FN:1,LoadingSpinner
FN:15,LoadingSkeleton
FN:18,(anonymous_2)
FNF:3
FNH:2
FNDA:0,LoadingSpinner
FNDA:484,LoadingSkeleton
FNDA:1840,(anonymous_2)
DA:2,0
DA:8,0
DA:13,57
DA:15,114
DA:16,484
DA:19,1840
DA:29,57
LF:7
LH:5
BRDA:1,0,0,0
BRDA:15,1,0,0
BRF:2
BRH:0
end_of_record
TN:
SF:src/components/PageHeader.jsx
FN:1,PageHeader
FNF:1
FNH:1
FNDA:354,PageHeader
DA:1,57
DA:2,354
DA:11,57
LF:3
LH:3
BRDA:6,0,0,354
BRDA:6,0,1,338
BRDA:8,1,0,354
BRDA:8,1,1,74
BRF:4
BRH:4
end_of_record
TN:
SF:src/components/Sidebar.jsx
FN:19,Sidebar
FN:58,(anonymous_1)
FN:63,(anonymous_2)
FNF:3
FNH:3
FNDA:112,Sidebar
FNDA:560,(anonymous_1)
FNDA:710,(anonymous_2)
DA:11,57
DA:19,57
DA:20,112
DA:59,560
DA:63,710
DA:87,57
LF:6
LH:6
BRDA:23,0,0,112
BRDA:23,0,1,0
BRDA:37,1,0,0
BRDA:37,1,1,112
BRDA:65,2,0,142
BRDA:65,2,1,568
BRF:6
BRH:4
end_of_record
TN:
SF:src/components/StatCard.jsx
FN:8,StatCard
FNF:1
FNH:1
FNDA:492,StatCard
DA:8,57
DA:9,492
DA:10,492
DA:12,492
DA:52,57
LF:5
LH:5
BRDA:8,0,0,328
BRDA:8,1,0,328
BRDA:16,2,0,164
BRDA:16,2,1,328
BRDA:22,3,0,492
BRDA:22,3,1,164
BRDA:29,4,0,164
BRDA:29,4,1,328
BRDA:30,5,0,492
BRDA:30,5,1,492
BRDA:30,6,0,164
BRDA:30,6,1,328
BRDA:37,7,0,492
BRDA:37,7,1,492
BRDA:41,8,0,164
BRDA:41,8,1,328
BRF:16
BRH:16
end_of_record
TN:
SF:src/components/Topbar.jsx
FN:8,Topbar
FNF:1
FNH:1
FNDA:112,Topbar
DA:8,57
DA:9,112
DA:60,57
LF:3
LH:3
BRF:0
BRH:0
end_of_record
TN:
SF:src/features/appointments/AppointmentsPage.jsx
FN:13,AppointmentsPage
FN:21,(anonymous_1)
FN:31,(anonymous_2)
FN:37,(anonymous_3)
FN:66,(anonymous_4)
FN:75,(anonymous_5)
FN:80,(anonymous_6)
FN:120,(anonymous_7)
FN:170,(anonymous_8)
FN:174,(anonymous_9)
FN:178,(anonymous_10)
FN:13,(anonymous_11)
FNF:12
FNH:8
FNDA:74,AppointmentsPage
FNDA:74,(anonymous_1)
FNDA:0,(anonymous_2)
FNDA:204,(anonymous_3)
FNDA:0,(anonymous_4)
FNDA:0,(anonymous_5)
FNDA:0,(anonymous_6)
FNDA:204,(anonymous_7)
FNDA:204,(anonymous_8)
FNDA:204,(anonymous_9)
FNDA:204,(anonymous_10)
FNDA:11,(anonymous_11)
DA:13,74
DA:14,74
DA:15,74
DA:17,74
DA:18,74
DA:19,74
DA:21,74
DA:22,74
DA:23,74
DA:31,74
DA:32,0
DA:33,0
DA:34,0
DA:37,74
DA:38,204
DA:39,102
DA:40,34
DA:41,68
DA:42,0
DA:46,74
DA:47,0
DA:57,74
DA:66,0
DA:75,0
DA:80,0
DA:121,204
DA:170,204
DA:174,204
DA:178,204
DA:185,57
LF:30
LH:22
BRDA:38,0,0,102
BRDA:38,0,1,34
BRDA:38,0,2,68
BRDA:38,0,3,0
BRDA:46,1,0,0
BRDA:100,2,0,74
BRDA:100,2,1,0
BRDA:108,3,0,40
BRDA:108,3,1,34
BRDA:112,4,0,0
BRDA:112,4,1,34
BRDA:167,5,0,74
BRDA:167,5,1,34
BRF:13
BRH:9
end_of_record
TN:
SF:src/features/clients/ClientsPage.jsx
FN:15,PetPhoto
FN:18,(anonymous_1)
FN:41,(anonymous_2)
FN:46,ClientsPage
FN:51,(anonymous_4)
FN:55,(anonymous_5)
FN:56,(anonymous_6)
FN:89,(anonymous_7)
FN:97,(anonymous_8)
FN:152,(anonymous_9)
FN:46,(anonymous_10)
FNF:11
FNH:9
FNDA:18,PetPhoto
FNDA:0,(anonymous_1)
FNDA:0,(anonymous_2)
FNDA:128,ClientsPage
FNDA:6,(anonymous_4)
FNDA:860,(anonymous_5)
FNDA:5520,(anonymous_6)
FNDA:860,(anonymous_7)
FNDA:6,(anonymous_8)
FNDA:18,(anonymous_9)
FNDA:13,(anonymous_10)
DA:15,57
DA:16,18
DA:18,18
DA:19,0
DA:20,0
DA:21,0
DA:22,0
DA:23,0
DA:24,0
DA:28,18
DA:29,0
DA:36,18
DA:41,0
DA:44,57
DA:46,128
DA:47,128
DA:48,128
DA:49,128
DA:51,128
DA:52,6
DA:55,128
DA:56,5520
DA:59,128
DA:60,0
DA:70,128
DA:90,860
DA:91,860
DA:93,860
DA:97,6
DA:153,18
DA:180,57
LF:31
LH:22
BRDA:19,0,0,0
BRDA:19,0,1,0
BRDA:19,0,2,0
BRDA:19,0,3,0
BRDA:19,0,4,0
BRDA:28,1,0,0
BRDA:28,2,0,18
BRDA:28,2,1,18
BRDA:52,3,0,1
BRDA:52,3,1,5
BRDA:59,4,0,0
BRDA:78,5,0,42
BRDA:78,5,1,86
BRDA:82,6,0,0
BRDA:82,6,1,86
BRDA:128,7,0,10
BRDA:128,7,1,850
BRDA:138,8,0,860
BRDA:138,8,1,10
BRDA:148,9,0,10
BRDA:148,9,1,10
BRDA:162,10,0,0
BRDA:162,10,1,18
BRF:23
BRH:14
end_of_record
TN:
SF:src/features/dashboard/Dashboard.jsx
FN:29,PetAvatarStack
FN:35,(anonymous_1)
FN:57,PetMiniAvatar
FN:60,(anonymous_3)
FN:92,(anonymous_4)
FN:104,FeaturedPetCard
FN:108,(anonymous_6)
FN:110,(anonymous_7)
FN:112,(anonymous_8)
FN:143,(anonymous_9)
FN:197,Dashboard
FN:206,(anonymous_11)
FN:217,(anonymous_12)
FN:220,(anonymous_13)
FN:226,(anonymous_14)
FN:227,(anonymous_15)
FN:362,(anonymous_16)
FN:429,(anonymous_17)
FN:431,(anonymous_18)
FN:531,(anonymous_19)
FN:532,(anonymous_20)
FN:197,(anonymous_21)
FNF:22
FNH:18
FNDA:20,PetAvatarStack
FNDA:100,(anonymous_1)
FNDA:640,PetMiniAvatar
FNDA:0,(anonymous_3)
FNDA:0,(anonymous_4)
FNDA:20,FeaturedPetCard
FNDA:120,(anonymous_6)
FNDA:60,(anonymous_7)
FNDA:0,(anonymous_8)
FNDA:0,(anonymous_9)
FNDA:164,Dashboard
FNDA:240,(anonymous_11)
FNDA:270,(anonymous_12)
FNDA:540,(anonymous_13)
FNDA:80,(anonymous_14)
FNDA:380,(anonymous_15)
FNDA:60,(anonymous_16)
FNDA:540,(anonymous_17)
FNDA:900,(anonymous_18)
FNDA:304,(anonymous_19)
FNDA:960,(anonymous_20)
FNDA:15,(anonymous_21)
DA:30,20
DA:31,20
DA:33,20
DA:36,100
DA:53,57
DA:57,640
DA:58,640
DA:60,640
DA:61,0
DA:62,0
DA:63,0
DA:64,0
DA:65,0
DA:66,0
DA:70,640
DA:71,0
DA:81,640
DA:92,0
DA:100,57
DA:104,57
DA:105,20
DA:108,120
DA:109,20
DA:110,60
DA:112,20
DA:113,0
DA:114,0
DA:115,0
DA:116,0
DA:117,0
DA:118,0
DA:122,20
DA:143,0
DA:195,57
DA:197,228
DA:198,164
DA:200,164
DA:201,164
DA:202,164
DA:203,164
DA:206,164
DA:207,240
DA:208,240
DA:209,240
DA:212,164
DA:213,164
DA:214,164
DA:217,270
DA:220,540
DA:223,164
DA:226,164
DA:227,380
DA:228,80
DA:231,164
DA:232,0
DA:235,164
DA:363,60
DA:364,60
DA:369,60
DA:431,900
DA:432,540
DA:434,540
DA:532,960
DA:533,304
DA:577,57
LF:65
LH:49
BRDA:29,0,0,0
BRDA:44,1,0,20
BRDA:44,1,1,20
BRDA:57,2,0,0
BRDA:57,3,0,0
BRDA:57,4,0,540
BRDA:61,5,0,0
BRDA:61,5,1,0
BRDA:61,5,2,0
BRDA:61,5,3,0
BRDA:61,5,4,0
BRDA:70,6,0,0
BRDA:70,7,0,640
BRDA:70,7,1,640
BRDA:113,8,0,0
BRDA:113,8,1,0
BRDA:113,8,2,0
BRDA:113,8,3,0
BRDA:113,8,4,0
BRDA:135,9,0,20
BRDA:135,9,1,0
BRDA:135,10,0,20
BRDA:135,10,1,20
BRDA:164,11,0,20
BRDA:164,11,1,0
BRDA:170,12,0,20
BRDA:170,12,1,20
BRDA:207,13,0,120
BRDA:207,13,1,120
BRDA:207,14,0,80
BRDA:207,14,1,40
BRDA:208,15,0,240
BRDA:208,15,1,60
BRDA:217,16,0,270
BRDA:217,16,1,270
BRDA:226,17,0,164
BRDA:226,17,1,144
BRDA:231,18,0,0
BRDA:231,19,0,164
BRDA:231,19,1,164
BRDA:231,19,2,164
BRDA:259,20,0,164
BRDA:259,20,1,90
BRDA:265,21,0,164
BRDA:265,21,1,20
BRDA:265,21,2,20
BRDA:323,22,0,144
BRDA:323,22,1,20
BRDA:329,23,0,60
BRDA:329,23,1,104
BRDA:336,24,0,74
BRDA:336,24,1,90
BRDA:358,25,0,144
BRDA:358,25,1,20
BRDA:363,26,0,60
BRDA:363,26,1,0
BRDA:397,27,0,164
BRDA:397,27,1,0
BRDA:405,28,0,164
BRDA:405,28,1,90
BRDA:419,29,0,74
BRDA:419,29,1,90
BRDA:423,30,0,0
BRDA:423,30,1,90
BRDA:435,31,0,90
BRDA:435,31,1,450
BRDA:437,32,0,540
BRDA:437,32,1,90
BRDA:442,33,0,540
BRDA:442,33,1,420
BRDA:457,34,0,270
BRDA:457,34,1,270
BRDA:458,35,0,90
BRDA:458,35,1,180
BRDA:466,36,0,164
BRDA:466,36,1,90
BRDA:521,37,0,88
BRDA:521,37,1,76
BRDA:525,38,0,0
BRDA:525,38,1,76
BRDA:545,39,0,60
BRDA:545,39,1,244
BRDA:546,40,0,0
BRDA:546,40,1,60
BRDA:571,41,0,164
BRDA:571,41,1,20
BRDA:571,41,2,20
BRF:87
BRH:65
end_of_record
TN:
SF:src/features/pets/PetsPage.jsx
FN:13,PetAvatar
FN:22,(anonymous_1)
FN:45,(anonymous_2)
FN:50,PetsPage
FN:54,(anonymous_4)
FN:89,(anonymous_5)
FN:96,(anonymous_6)
FN:155,(anonymous_7)
FN:50,(anonymous_8)
FNF:9
FNH:7
FNDA:410,PetAvatar
FNDA:0,(anonymous_1)
FNDA:0,(anonymous_2)
FNDA:72,PetsPage
FNDA:1,(anonymous_4)
FNDA:408,(anonymous_5)
FNDA:1,(anonymous_6)
FNDA:4,(anonymous_7)
FNDA:10,(anonymous_8)
DA:13,410
DA:14,410
DA:16,410
DA:22,410
DA:23,0
DA:24,0
DA:25,0
DA:26,0
DA:27,0
DA:28,0
DA:32,410
DA:33,0
DA:40,410
DA:45,0
DA:48,57
DA:50,114
DA:51,72
DA:52,72
DA:54,72
DA:55,1
DA:58,72
DA:59,0
DA:69,72
DA:90,408
DA:92,408
DA:96,1
DA:156,4
DA:186,57
LF:28
LH:19
BRDA:13,0,0,0
BRDA:23,1,0,0
BRDA:23,1,1,0
BRDA:23,1,2,0
BRDA:23,1,3,0
BRDA:23,1,4,0
BRDA:32,2,0,0
BRDA:32,3,0,410
BRDA:32,3,1,410
BRDA:55,4,0,0
BRDA:55,4,1,1
BRDA:58,5,0,0
BRDA:77,6,0,38
BRDA:77,6,1,34
BRDA:81,7,0,0
BRDA:81,7,1,34
BRDA:110,8,0,34
BRDA:110,8,1,374
BRDA:121,9,0,2
BRDA:121,9,1,406
BRDA:131,10,0,408
BRDA:131,10,1,2
BRDA:153,11,0,2
BRDA:153,11,1,0
BRDA:153,12,0,2
BRDA:153,12,1,2
BRF:26
BRH:15
end_of_record
TN:
SF:src/features/vets/VetAgendaPage.jsx
FN:13,VetAvatar
FN:22,(anonymous_1)
FN:25,(anonymous_2)
FN:26,(anonymous_3)
FN:45,(anonymous_4)
FN:51,PetPhoto
FN:54,(anonymous_6)
FN:69,(anonymous_7)
FN:80,VetAgendaPage
FN:83,(anonymous_9)
FN:91,(anonymous_10)
FN:93,(anonymous_11)
FN:94,loadAppointments
FN:106,(anonymous_13)
FN:192,(anonymous_14)
FN:222,(anonymous_15)
FN:80,(anonymous_16)
FNF:17
FNH:10
FNDA:30,VetAvatar
FNDA:0,(anonymous_1)
FNDA:0,(anonymous_2)
FNDA:0,(anonymous_3)
FNDA:0,(anonymous_4)
FNDA:40,PetPhoto
FNDA:0,(anonymous_6)
FNDA:0,(anonymous_7)
FNDA:46,VetAgendaPage
FNDA:10,(anonymous_9)
FNDA:30,(anonymous_10)
FNDA:10,(anonymous_11)
FNDA:10,loadAppointments
FNDA:10,(anonymous_13)
FNDA:0,(anonymous_14)
FNDA:40,(anonymous_15)
FNDA:5,(anonymous_16)
DA:13,57
DA:14,30
DA:16,30
DA:22,30
DA:23,0
DA:25,0
DA:26,0
DA:32,30
DA:33,0
DA:40,30
DA:45,0
DA:50,57
DA:51,57
DA:52,40
DA:54,40
DA:56,40
DA:57,0
DA:64,40
DA:69,0
DA:72,57
DA:74,57
DA:80,171
DA:81,46
DA:82,57
DA:83,46
DA:84,10
DA:86,46
DA:87,46
DA:88,46
DA:89,46
DA:91,46
DA:93,46
DA:95,10
DA:97,10
DA:98,10
DA:100,10
DA:101,10
DA:102,10
DA:103,10
DA:106,10
DA:107,10
DA:109,10
DA:111,0
DA:113,10
DA:117,10
DA:120,46
DA:121,16
DA:131,30
DA:132,0
DA:155,30
DA:192,0
DA:223,40
DA:225,40
DA:262,57
LF:54
LH:44
BRDA:13,0,0,0
BRDA:32,1,0,0
BRDA:32,2,0,30
BRDA:32,2,1,30
BRDA:54,3,0,0
BRDA:54,3,1,0
BRDA:56,4,0,0
BRDA:56,5,0,40
BRDA:56,5,1,40
BRDA:95,6,0,0
BRDA:102,7,0,0
BRDA:120,8,0,16
BRDA:131,9,0,0
BRDA:201,10,0,10
BRDA:201,10,1,20
BRDA:205,11,0,0
BRDA:205,11,1,20
BRDA:209,12,0,0
BRDA:209,12,1,20
BRDA:217,13,0,20
BRDA:217,13,1,0
BRDA:223,14,0,40
BRDA:223,14,1,0
BRF:23
BRH:11
end_of_record
TN:
SF:src/features/vets/VetsPage.jsx
FN:13,VetAvatar
FN:22,(anonymous_1)
FN:25,(anonymous_2)
FN:26,(anonymous_3)
FN:45,(anonymous_4)
FN:50,VetsPage
FN:85,(anonymous_6)
FN:50,(anonymous_7)
FNF:8
FNH:4
FNDA:128,VetAvatar
FNDA:0,(anonymous_1)
FNDA:0,(anonymous_2)
FNDA:0,(anonymous_3)
FNDA:0,(anonymous_4)
FNDA:64,VetsPage
FNDA:128,(anonymous_6)
FNDA:10,(anonymous_7)
DA:13,128
DA:14,128
DA:16,128
DA:22,128
DA:23,0
DA:25,0
DA:26,0
DA:32,128
DA:33,0
DA:40,128
DA:45,0
DA:48,57
DA:50,114
DA:51,64
DA:53,64
DA:54,0
DA:64,64
DA:86,128
DA:125,57
LF:19
LH:13
BRDA:13,0,0,0
BRDA:32,1,0,0
BRDA:32,2,0,128
BRDA:32,2,1,128
BRDA:53,3,0,0
BRDA:71,4,0,32
BRDA:71,4,1,32
BRDA:75,5,0,0
BRDA:75,5,1,32
BRF:9
BRH:5
end_of_record
TN:
SF:src/hooks/useAppointments.js
FN:10,useAppointments
FN:12,(anonymous_1)
FN:14,(anonymous_2)
FN:24,(anonymous_3)
FN:25,(anonymous_4)
FNF:5
FNH:5
FNDA:238,useAppointments
FNDA:389,(anonymous_1)
FNDA:68,(anonymous_2)
FNDA:54,(anonymous_3)
FNDA:33,(anonymous_4)
DA:11,238
DA:12,389
DA:14,238
DA:15,68
DA:18,68
DA:19,50
DA:24,238
DA:25,54
DA:31,238
LF:9
LH:9
BRDA:15,0,0,0
BRDA:18,1,0,50
BRDA:33,2,0,238
BRDA:33,2,1,174
BRDA:33,2,2,50
BRF:5
BRH:4
end_of_record
TN:
SF:src/hooks/useClients.js
FN:10,useClients
FN:12,(anonymous_1)
FN:14,(anonymous_2)
FNF:3
FNH:3
FNDA:292,useClients
FNDA:463,(anonymous_1)
FNDA:99,(anonymous_2)
DA:11,292
DA:12,463
DA:14,292
DA:16,99
DA:17,50
DA:21,292
LF:6
LH:6
BRDA:16,0,0,50
BRDA:23,1,0,292
BRDA:23,1,1,212
BRF:3
BRH:3
end_of_record
TN:
SF:src/hooks/usePets.js
FN:10,usePets
FN:12,(anonymous_1)
FN:14,(anonymous_2)
FNF:3
FNH:3
FNDA:364,usePets
FNDA:600,(anonymous_1)
FNDA:132,(anonymous_2)
DA:11,364
DA:12,600
DA:14,364
DA:16,132
DA:17,68
DA:21,364
LF:6
LH:6
BRDA:16,0,0,68
BRDA:23,1,0,364
BRDA:23,1,1,168
BRF:3
BRH:3
end_of_record
TN:
SF:src/hooks/useVets.js
FN:10,useVets
FN:12,(anonymous_1)
FN:14,(anonymous_2)
FNF:3
FNH:3
FNDA:274,useVets
FNDA:454,(anonymous_1)
FNDA:107,(anonymous_2)
DA:11,274
DA:12,454
DA:14,274
DA:16,107
DA:17,54
DA:21,274
LF:6
LH:6
BRDA:16,0,0,54
BRDA:23,1,0,274
BRDA:23,1,1,220
BRF:3
BRH:3
end_of_record
TN:
SF:src/mocks/browser.js
FNF:0
FNH:0
DA:4,56
LF:1
LH:1
BRF:0
BRH:0
end_of_record
TN:
SF:src/mocks/data.js
FN:58,(anonymous_0)
FN:76,(anonymous_1)
FN:138,(anonymous_2)
FNF:3
FNH:3
FNDA:56,(anonymous_0)
FNDA:18872,(anonymous_1)
FNDA:15400,(anonymous_2)
DA:4,56
DA:17,56
DA:50,56
DA:58,56
DA:59,56
DA:60,56
DA:62,56
DA:73,56
DA:76,56
DA:77,18872
DA:78,18872
DA:81,56
DA:84,56
DA:85,448
DA:86,448
DA:87,448
DA:90,448
DA:91,448
DA:93,448
DA:95,3920
DA:96,6664
DA:98,3920
DA:100,3920
DA:101,3920
DA:105,3920
DA:106,1288
DA:107,2632
DA:108,336
DA:109,336
DA:110,336
DA:111,112
DA:112,224
DA:113,56
DA:115,168
DA:118,2296
DA:121,3920
DA:138,56
DA:139,15400
DA:140,8792
DA:144,56
LF:40
LH:40
BRDA:105,0,0,1288
BRDA:105,0,1,2632
BRDA:107,1,0,336
BRDA:107,1,1,2296
BRDA:110,2,0,112
BRDA:110,2,1,224
BRDA:112,3,0,56
BRDA:112,3,1,168
BRDA:139,4,0,6608
BRF:9
BRH:9
end_of_record
TN:
SF:src/mocks/handlers.js
FN:7,(anonymous_0)
FN:13,(anonymous_1)
FN:19,(anonymous_2)
FN:25,(anonymous_3)
FN:35,(anonymous_4)
FN:39,(anonymous_5)
FN:47,(anonymous_6)
FN:80,(anonymous_7)
FN:84,(anonymous_8)
FNF:9
FNH:6
FNDA:50,(anonymous_0)
FNDA:0,(anonymous_1)
FNDA:54,(anonymous_2)
FNDA:60,(anonymous_3)
FNDA:4200,(anonymous_4)
FNDA:60,(anonymous_5)
FNDA:68,(anonymous_6)
FNDA:0,(anonymous_7)
FNDA:0,(anonymous_8)
DA:5,56
DA:8,50
DA:9,50
DA:14,0
DA:15,0
DA:20,54
DA:21,54
DA:26,60
DA:27,60
DA:28,60
DA:30,60
DA:32,60
DA:34,60
DA:35,4200
DA:38,60
DA:39,60
DA:42,60
DA:47,56
DA:48,68
DA:49,46
DA:51,46
DA:54,46
DA:55,46
DA:56,46
DA:61,0
DA:62,0
DA:63,0
DA:68,0
DA:69,0
DA:70,0
DA:75,0
DA:76,0
DA:77,0
DA:79,0
DA:80,0
DA:83,0
DA:84,0
DA:87,0
DA:93,0
DA:98,56
LF:40
LH:23
BRDA:34,0,0,60
BRDA:38,1,0,10
BRDA:49,2,0,0
BRDA:54,3,0,46
BRDA:61,4,0,0
BRDA:68,5,0,0
BRDA:75,6,0,0
BRDA:79,7,0,0
BRDA:83,8,0,0
BRF:9
BRH:3
end_of_record
TN:
SF:src/store/store.js
FNF:0
FNH:0
DA:21,57
LF:1
LH:1
BRF:0
BRH:0
end_of_record
TN:
SF:src/store/slices/appointmentsSlice.js
FN:10,(anonymous_0)
FN:14,(anonymous_1)
FN:32,(anonymous_2)
FN:38,(anonymous_3)
FN:40,(anonymous_4)
FN:44,(anonymous_5)
FN:50,(anonymous_6)
FNF:7
FNH:5
FNDA:50,(anonymous_0)
FNDA:150,(anonymous_1)
FNDA:0,(anonymous_2)
FNDA:57,(anonymous_3)
FNDA:50,(anonymous_4)
FNDA:30,(anonymous_5)
FNDA:0,(anonymous_6)
DA:8,57
DA:11,50
DA:12,50
DA:14,150
DA:15,30
DA:17,0
DA:22,57
DA:33,0
DA:34,0
DA:35,0
DA:39,57
DA:41,50
DA:42,50
DA:45,30
DA:46,30
DA:47,30
DA:48,30
DA:51,0
DA:52,0
DA:57,57
LF:20
LH:14
BRF:0
BRH:0
end_of_record
TN:
SF:src/store/slices/clientsSlice.js
FN:10,(anonymous_0)
FN:28,(anonymous_1)
FN:30,(anonymous_2)
FN:34,(anonymous_3)
FN:39,(anonymous_4)
FNF:5
FNH:4
FNDA:50,(anonymous_0)
FNDA:57,(anonymous_1)
FNDA:50,(anonymous_2)
FNDA:32,(anonymous_3)
FNDA:0,(anonymous_4)
DA:8,57
DA:11,50
DA:12,50
DA:13,32
DA:15,0
DA:20,57
DA:29,57
DA:31,50
DA:32,50
DA:35,32
DA:36,32
DA:37,32
DA:40,0
DA:41,0
LF:14
LH:11
BRF:0
BRH:0
end_of_record
TN:
SF:src/store/slices/petsSlice.js
FN:10,(anonymous_0)
FN:28,(anonymous_1)
FN:30,(anonymous_2)
FN:34,(anonymous_3)
FN:39,(anonymous_4)
FNF:5
FNH:4
FNDA:68,(anonymous_0)
FNDA:57,(anonymous_1)
FNDA:68,(anonymous_2)
FNDA:40,(anonymous_3)
FNDA:0,(anonymous_4)
DA:8,57
DA:11,68
DA:12,68
DA:13,40
DA:15,0
DA:20,57
DA:29,57
DA:31,68
DA:32,68
DA:35,40
DA:36,40
DA:37,40
DA:40,0
DA:41,0
LF:14
LH:11
BRF:0
BRH:0
end_of_record
TN:
SF:src/store/slices/vetsSlice.js
FN:10,(anonymous_0)
FN:28,(anonymous_1)
FN:30,(anonymous_2)
FN:34,(anonymous_3)
FN:39,(anonymous_4)
FNF:5
FNH:4
FNDA:54,(anonymous_0)
FNDA:57,(anonymous_1)
FNDA:54,(anonymous_2)
FNDA:38,(anonymous_3)
FNDA:0,(anonymous_4)
DA:8,57
DA:11,54
DA:12,54
DA:13,38
DA:15,0
DA:20,57
DA:29,57
DA:31,54
DA:32,54
DA:35,38
DA:36,38
DA:37,38
DA:40,0
DA:41,0
LF:14
LH:11
BRF:0
BRH:0
end_of_record
