TN:
SF:src/App.jsx
FN:3,App
FNF:1
FNH:1
FNDA:5,App
DA:4,5
LF:1
LH:1
BRF:0
BRH:0
end_of_record
TN:
SF:src/api/graphql.js
FN:15,graphqlFetch
FN:44,fetchPetsGraphQL
FN:72,fetchVetsGraphQL
FN:93,fetchClientsGraphQL
FN:116,fetchAppointmentsGraphQL
FNF:5
FNH:5
FNDA:75,graphqlFetch
FNDA:71,fetchPetsGraphQL
FNDA:1,fetchVetsGraphQL
FNDA:1,fetchClientsGraphQL
FNDA:2,fetchAppointmentsGraphQL
DA:7,12
DA:16,75
DA:27,74
DA:28,2
DA:31,72
DA:33,72
DA:34,1
DA:37,71
DA:45,71
DA:64,71
DA:65,67
DA:73,1
DA:85,1
DA:86,1
DA:94,1
DA:106,1
DA:107,1
DA:117,2
DA:135,2
DA:136,2
LF:20
LH:20
BRDA:15,0,0,75
BRDA:27,1,0,2
BRDA:27,1,1,72
BRDA:33,2,0,1
BRDA:33,2,1,71
BRDA:34,3,0,1
BRDA:34,3,1,0
BRDA:116,4,0,2
BRF:8
BRH:7
end_of_record
TN:
SF:src/api/rest.js
FN:7,fetchClients
FN:19,fetchPets
FN:31,fetchVets
FN:44,fetchAppointments
FNF:4
FNH:4
FNDA:51,fetchClients
FNDA:2,fetchPets
FNDA:62,fetchVets
FNDA:56,fetchAppointments
DA:1,12
DA:8,51
DA:9,50
DA:10,2
DA:12,48
DA:20,2
DA:21,2
DA:22,1
DA:24,1
DA:32,62
DA:33,62
DA:34,1
DA:36,61
DA:45,56
DA:46,56
DA:47,1
DA:49,55
LF:17
LH:17
BRDA:9,0,0,2
BRDA:9,0,1,48
BRDA:21,1,0,1
BRDA:21,1,1,1
BRDA:33,2,0,1
BRDA:33,2,1,61
BRDA:46,3,0,1
BRDA:46,3,1,55
BRF:8
BRH:8
end_of_record
TN:
SF:src/app/AppRouter.jsx
FN:10,AppRouter
FNF:1
FNH:1
FNDA:12,AppRouter
DA:11,12
LF:1
LH:1
BRF:0
BRH:0
end_of_record
TN:
SF:src/app/MainLayout.jsx
FN:6,MainLayout
FN:11,(anonymous_1)
FN:14,(anonymous_2)
FNF:3
FNH:2
FNDA:15,MainLayout
FNDA:1,(anonymous_1)
FNDA:0,(anonymous_2)
DA:7,15
DA:9,15
DA:11,1
DA:14,0
LF:4
LH:3
BRF:0
BRH:0
end_of_record
TN:
SF:src/components/Badge.jsx
FN:16,Badge
FNF:1
FNH:1
FNDA:594,Badge
DA:5,10
DA:17,594
DA:19,594
LF:3
LH:3
BRDA:16,0,0,594
BRDA:16,1,0,594
BRDA:17,2,0,594
BRDA:17,2,1,0
BRF:4
BRH:3
end_of_record
TN:
SF:src/components/Callout.jsx
FN:5,Callout
FNF:1
FNH:1
FNDA:184,Callout
DA:6,184
LF:1
LH:1
BRDA:5,0,0,184
BRF:1
BRH:1
end_of_record
TN:
SF:src/components/Card.jsx
FN:6,Card
FNF:1
FNH:1
FNDA:1247,Card
DA:7,1247
DA:10,1247
DA:26,1247
LF:3
LH:3
BRDA:6,0,0,1247
BRDA:6,1,0,1247
BRDA:6,2,0,1247
BRDA:27,3,0,1247
BRDA:27,3,1,0
BRF:5
BRH:4
end_of_record
TN:
SF:src/components/EmptyState.jsx
FN:3,EmptyState
FNF:1
FNH:1
FNDA:8,EmptyState
DA:8,8
LF:1
LH:1
BRDA:4,0,0,8
BRDA:5,1,0,8
BRDA:6,2,0,8
BRF:3
BRH:3
end_of_record
TN:
SF:src/components/ErrorState.jsx
FN:3,ErrorState
FNF:1
FNH:1
FNDA:8,ErrorState
DA:4,8
LF:1
LH:1
BRDA:3,0,0,8
BRDA:11,1,0,8
BRDA:11,1,1,1
BRF:3
BRH:3
end_of_record
TN:
SF:src/components/Loading.jsx
FN:1,LoadingSpinner
FN:15,LoadingSkeleton
FN:18,(anonymous_2)
FNF:3
FNH:3
FNDA:3,LoadingSpinner
FNDA:494,LoadingSkeleton
FNDA:1870,(anonymous_2)
DA:2,3
DA:8,3
DA:16,494
DA:19,1870
LF:4
LH:4
BRDA:1,0,0,3
BRDA:15,1,0,494
BRF:2
BRH:2
end_of_record
TN:
SF:src/components/PageHeader.jsx
FN:1,PageHeader
FNF:1
FNH:1
FNDA:218,PageHeader
DA:2,218
LF:1
LH:1
BRDA:6,0,0,218
BRDA:6,0,1,194
BRDA:8,1,0,218
BRDA:8,1,1,48
BRF:4
BRH:4
end_of_record
TN:
SF:src/components/Sidebar.jsx
FN:19,Sidebar
FN:58,(anonymous_1)
FN:63,(anonymous_2)
FNF:3
FNH:3
FNDA:15,Sidebar
FNDA:75,(anonymous_1)
FNDA:80,(anonymous_2)
DA:11,9
DA:20,15
DA:59,75
DA:63,80
LF:4
LH:4
BRDA:23,0,0,15
BRDA:23,0,1,0
BRDA:37,1,0,0
BRDA:37,1,1,15
BRDA:65,2,0,16
BRDA:65,2,1,64
BRF:6
BRH:4
end_of_record
TN:
SF:src/components/StatCard.jsx
FN:8,StatCard
FNF:1
FNH:1
FNDA:549,StatCard
DA:9,549
DA:10,549
DA:12,549
LF:3
LH:3
BRDA:8,0,0,549
BRDA:8,1,0,549
BRDA:16,2,0,182
BRDA:16,2,1,367
BRDA:22,3,0,549
BRDA:22,3,1,182
BRDA:29,4,0,182
BRDA:29,4,1,367
BRDA:30,5,0,549
BRDA:30,5,1,549
BRDA:30,6,0,182
BRDA:30,6,1,367
BRDA:37,7,0,549
BRDA:37,7,1,547
BRDA:41,8,0,182
BRDA:41,8,1,365
BRF:16
BRH:16
end_of_record
TN:
SF:src/components/Topbar.jsx
FN:8,Topbar
FNF:1
FNH:1
FNDA:15,Topbar
DA:9,15
LF:1
LH:1
BRF:0
BRH:0
end_of_record
TN:
SF:src/components/index.js
FNF:0
FNH:0
LF:0
LH:0
BRF:0
BRH:0
end_of_record
TN:
SF:src/features/appointments/AppointmentsPage.jsx
FN:13,AppointmentsPage
FN:21,(anonymous_1)
FN:31,(anonymous_2)
FN:37,(anonymous_3)
FN:66,(anonymous_4)
FN:75,(anonymous_5)
FN:80,(anonymous_6)
FN:120,(anonymous_7)
FN:170,(anonymous_8)
FN:174,(anonymous_9)
FN:178,(anonymous_10)
FNF:11
FNH:7
FNDA:47,AppointmentsPage
FNDA:47,(anonymous_1)
FNDA:0,(anonymous_2)
FNDA:104,(anonymous_3)
FNDA:0,(anonymous_4)
FNDA:0,(anonymous_5)
FNDA:0,(anonymous_6)
FNDA:104,(anonymous_7)
FNDA:130,(anonymous_8)
FNDA:130,(anonymous_9)
FNDA:130,(anonymous_10)
DA:14,47
DA:15,47
DA:17,47
DA:18,47
DA:19,47
DA:21,47
DA:22,47
DA:23,47
DA:31,47
DA:32,0
DA:33,0
DA:34,0
DA:37,47
DA:38,104
DA:39,65
DA:40,13
DA:41,26
DA:42,0
DA:46,47
DA:47,0
DA:57,47
DA:66,0
DA:75,0
DA:80,0
DA:121,104
DA:170,130
DA:174,130
DA:178,130
LF:28
LH:20
BRDA:38,0,0,65
BRDA:38,0,1,13
BRDA:38,0,2,26
BRDA:38,0,3,0
BRDA:46,1,0,0
BRDA:46,1,1,47
BRDA:100,2,0,47
BRDA:100,2,1,13
BRDA:108,3,0,34
BRDA:108,3,1,13
BRDA:112,4,0,0
BRDA:112,4,1,13
BRDA:167,5,0,47
BRDA:167,5,1,13
BRF:14
BRH:11
end_of_record
TN:
SF:src/features/clients/ClientsPage.jsx
FN:15,PetPhoto
FN:18,(anonymous_1)
FN:41,(anonymous_2)
FN:46,ClientsPage
FN:51,(anonymous_4)
FN:55,(anonymous_5)
FN:56,(anonymous_6)
FN:89,(anonymous_7)
FN:97,(anonymous_8)
FN:152,(anonymous_9)
FNF:10
FNH:8
FNDA:8,PetPhoto
FNDA:0,(anonymous_1)
FNDA:0,(anonymous_2)
FNDA:48,ClientsPage
FNDA:5,(anonymous_4)
FNDA:100,(anonymous_5)
FNDA:455,(anonymous_6)
FNDA:100,(anonymous_7)
FNDA:5,(anonymous_8)
FNDA:8,(anonymous_9)
DA:16,8
DA:18,8
DA:19,0
DA:20,0
DA:21,0
DA:22,0
DA:23,0
DA:24,0
DA:28,8
DA:29,0
DA:36,8
DA:41,0
DA:47,48
DA:48,48
DA:49,48
DA:51,48
DA:52,5
DA:55,48
DA:56,455
DA:59,48
DA:60,2
DA:70,46
DA:90,100
DA:91,100
DA:93,100
DA:97,5
DA:153,8
LF:27
LH:19
BRDA:19,0,0,0
BRDA:19,0,1,0
BRDA:19,0,2,0
BRDA:19,0,3,0
BRDA:19,0,4,0
BRDA:28,1,0,0
BRDA:28,1,1,8
BRDA:28,2,0,8
BRDA:28,2,1,8
BRDA:52,3,0,1
BRDA:52,3,1,4
BRDA:59,4,0,2
BRDA:59,4,1,46
BRDA:78,5,0,24
BRDA:78,5,1,22
BRDA:82,6,0,2
BRDA:82,6,1,20
BRDA:128,7,0,4
BRDA:128,7,1,96
BRDA:138,8,0,100
BRDA:138,8,1,4
BRDA:148,9,0,4
BRDA:148,9,1,4
BRDA:162,10,0,0
BRDA:162,10,1,8
BRF:25
BRH:18
end_of_record
TN:
SF:src/features/dashboard/Dashboard.jsx
FN:29,PetAvatarStack
FN:35,(anonymous_1)
FN:57,PetMiniAvatar
FN:60,(anonymous_3)
FN:92,(anonymous_4)
FN:104,FeaturedPetCard
FN:108,(anonymous_6)
FN:110,(anonymous_7)
FN:112,(anonymous_8)
FN:143,(anonymous_9)
FN:197,Dashboard
FN:206,(anonymous_11)
FN:217,(anonymous_12)
FN:220,(anonymous_13)
FN:226,(anonymous_14)
FN:227,(anonymous_15)
FN:362,(anonymous_16)
FN:429,(anonymous_17)
FN:431,(anonymous_18)
FN:531,(anonymous_19)
FN:532,(anonymous_20)
FNF:21
FNH:17
FNDA:28,PetAvatarStack
FNDA:140,(anonymous_1)
FNDA:396,PetMiniAvatar
FNDA:0,(anonymous_3)
FNDA:0,(anonymous_4)
FNDA:28,FeaturedPetCard
FNDA:160,(anonymous_6)
FNDA:32,(anonymous_7)
FNDA:0,(anonymous_8)
FNDA:0,(anonymous_9)
FNDA:182,Dashboard
FNDA:196,(anonymous_11)
FNDA:96,(anonymous_12)
FNDA:320,(anonymous_13)
FNDA:100,(anonymous_14)
FNDA:16,(anonymous_15)
FNDA:84,(anonymous_16)
FNDA:256,(anonymous_17)
FNDA:464,(anonymous_18)
FNDA:448,(anonymous_19)
FNDA:784,(anonymous_20)
DA:30,28
DA:31,28
DA:33,28
DA:36,140
DA:58,396
DA:60,396
DA:61,0
DA:62,0
DA:63,0
DA:64,0
DA:65,0
DA:66,0
DA:70,396
DA:71,0
DA:81,396
DA:92,0
DA:105,28
DA:108,160
DA:109,28
DA:110,32
DA:112,28
DA:113,0
DA:114,0
DA:115,0
DA:116,0
DA:117,0
DA:118,0
DA:122,28
DA:143,0
DA:198,182
DA:200,182
DA:201,182
DA:202,182
DA:203,182
DA:206,182
DA:207,196
DA:208,196
DA:209,196
DA:212,182
DA:213,182
DA:214,182
DA:217,182
DA:220,320
DA:223,182
DA:226,182
DA:227,100
DA:228,100
DA:231,182
DA:232,0
DA:235,182
DA:363,84
DA:364,84
DA:369,84
DA:431,464
DA:432,256
DA:434,256
DA:532,784
DA:533,448
LF:58
LH:42
BRDA:29,0,0,28
BRDA:44,1,0,28
BRDA:44,1,1,28
BRDA:57,2,0,396
BRDA:57,3,0,396
BRDA:57,4,0,396
BRDA:61,5,0,0
BRDA:61,5,1,0
BRDA:61,5,2,0
BRDA:61,5,3,0
BRDA:61,5,4,0
BRDA:70,6,0,0
BRDA:70,6,1,396
BRDA:70,7,0,396
BRDA:70,7,1,396
BRDA:113,8,0,0
BRDA:113,8,1,0
BRDA:113,8,2,0
BRDA:113,8,3,0
BRDA:113,8,4,0
BRDA:135,9,0,28
BRDA:135,9,1,0
BRDA:135,10,0,28
BRDA:135,10,1,28
BRDA:164,11,0,28
BRDA:164,11,1,28
BRDA:170,12,0,28
BRDA:170,12,1,16
BRDA:207,13,0,84
BRDA:207,13,1,112
BRDA:207,14,0,84
BRDA:207,14,1,28
BRDA:208,15,0,196
BRDA:208,15,1,84
BRDA:217,16,0,96
BRDA:217,16,1,96
BRDA:226,17,0,182
BRDA:226,17,1,166
BRDA:231,18,0,0
BRDA:231,18,1,182
BRDA:231,19,0,182
BRDA:231,19,1,182
BRDA:231,19,2,182
BRDA:259,20,0,182
BRDA:259,20,1,32
BRDA:265,21,0,182
BRDA:265,21,1,28
BRDA:265,21,2,28
BRDA:323,22,0,154
BRDA:323,22,1,28
BRDA:329,23,0,98
BRDA:329,23,1,84
BRDA:336,24,0,126
BRDA:336,24,1,56
BRDA:358,25,0,154
BRDA:358,25,1,28
BRDA:363,26,0,84
BRDA:363,26,1,0
BRDA:397,27,0,182
BRDA:397,27,1,32
BRDA:405,28,0,182
BRDA:405,28,1,32
BRDA:419,29,0,126
BRDA:419,29,1,56
BRDA:423,30,0,24
BRDA:423,30,1,32
BRDA:435,31,0,32
BRDA:435,31,1,224
BRDA:437,32,0,256
BRDA:437,32,1,32
BRDA:442,33,0,256
BRDA:442,33,1,128
BRDA:457,34,0,160
BRDA:457,34,1,96
BRDA:458,35,0,32
BRDA:458,35,1,64
BRDA:466,36,0,182
BRDA:466,36,1,32
BRDA:521,37,0,70
BRDA:521,37,1,112
BRDA:525,38,0,0
BRDA:525,38,1,112
BRDA:545,39,0,112
BRDA:545,39,1,336
BRDA:546,40,0,28
BRDA:546,40,1,84
BRDA:571,41,0,182
BRDA:571,41,1,28
BRDA:571,41,2,28
BRF:89
BRH:74
end_of_record
TN:
SF:src/features/pets/PetsPage.jsx
FN:13,PetAvatar
FN:22,(anonymous_1)
FN:45,(anonymous_2)
FN:50,PetsPage
FN:54,(anonymous_4)
FN:89,(anonymous_5)
FN:96,(anonymous_6)
FN:155,(anonymous_7)
FNF:8
FNH:8
FNDA:146,PetAvatar
FNDA:1,(anonymous_1)
FNDA:1,(anonymous_2)
FNDA:62,PetsPage
FNDA:6,(anonymous_4)
FNDA:140,(anonymous_5)
FNDA:6,(anonymous_6)
FNDA:8,(anonymous_7)
DA:14,146
DA:16,146
DA:22,146
DA:23,1
DA:24,1
DA:25,0
DA:26,0
DA:27,0
DA:28,0
DA:32,146
DA:33,1
DA:40,145
DA:45,1
DA:51,62
DA:52,62
DA:54,62
DA:55,6
DA:58,62
DA:59,2
DA:69,60
DA:90,140
DA:92,140
DA:96,6
DA:156,8
LF:24
LH:20
BRDA:13,0,0,146
BRDA:23,1,0,1
BRDA:23,1,1,0
BRDA:23,1,2,0
BRDA:23,1,3,0
BRDA:23,1,4,0
BRDA:32,2,0,1
BRDA:32,2,1,145
BRDA:32,3,0,146
BRDA:32,3,1,146
BRDA:55,4,0,1
BRDA:55,4,1,5
BRDA:58,5,0,2
BRDA:58,5,1,60
BRDA:77,6,0,38
BRDA:77,6,1,22
BRDA:81,7,0,2
BRDA:81,7,1,20
BRDA:110,8,0,20
BRDA:110,8,1,120
BRDA:121,9,0,5
BRDA:121,9,1,135
BRDA:131,10,0,140
BRDA:131,10,1,5
BRDA:153,11,0,4
BRDA:153,11,1,1
BRDA:153,12,0,5
BRDA:153,12,1,5
BRF:28
BRH:24
end_of_record
TN:
SF:src/features/vets/VetAgendaPage.jsx
FN:13,VetAvatar
FN:22,(anonymous_1)
FN:25,(anonymous_2)
FN:26,(anonymous_3)
FN:45,(anonymous_4)
FN:51,PetPhoto
FN:54,(anonymous_6)
FN:69,(anonymous_7)
FN:80,VetAgendaPage
FN:83,(anonymous_9)
FN:91,(anonymous_10)
FN:93,(anonymous_11)
FN:94,loadAppointments
FN:106,(anonymous_13)
FN:192,(anonymous_14)
FN:222,(anonymous_15)
FNF:16
FNH:9
FNDA:11,VetAvatar
FNDA:0,(anonymous_1)
FNDA:0,(anonymous_2)
FNDA:0,(anonymous_3)
FNDA:0,(anonymous_4)
FNDA:44,PetPhoto
FNDA:0,(anonymous_6)
FNDA:0,(anonymous_7)
FNDA:33,VetAgendaPage
FNDA:11,(anonymous_9)
FNDA:11,(anonymous_10)
FNDA:11,(anonymous_11)
FNDA:11,loadAppointments
FNDA:33,(anonymous_13)
FNDA:0,(anonymous_14)
FNDA:44,(anonymous_15)
DA:14,11
DA:16,11
DA:22,11
DA:23,0
DA:25,0
DA:26,0
DA:32,11
DA:33,0
DA:40,11
DA:45,0
DA:52,44
DA:54,44
DA:56,44
DA:57,0
DA:64,44
DA:69,0
DA:74,3
DA:81,33
DA:82,33
DA:83,33
DA:84,11
DA:86,33
DA:87,33
DA:88,33
DA:89,33
DA:91,33
DA:93,33
DA:95,11
DA:97,11
DA:98,11
DA:100,11
DA:101,11
DA:102,11
DA:103,11
DA:106,33
DA:107,11
DA:109,11
DA:111,0
DA:113,11
DA:117,11
DA:120,33
DA:121,22
DA:131,11
DA:132,0
DA:155,11
DA:192,0
DA:223,44
DA:225,44
LF:48
LH:38
BRDA:13,0,0,11
BRDA:32,1,0,0
BRDA:32,1,1,11
BRDA:32,2,0,11
BRDA:32,2,1,11
BRDA:54,3,0,0
BRDA:54,3,1,0
BRDA:56,4,0,0
BRDA:56,4,1,44
BRDA:56,5,0,44
BRDA:56,5,1,44
BRDA:95,6,0,0
BRDA:95,6,1,11
BRDA:102,7,0,0
BRDA:102,7,1,11
BRDA:120,8,0,22
BRDA:120,8,1,11
BRDA:131,9,0,0
BRDA:131,9,1,11
BRDA:201,10,0,0
BRDA:201,10,1,11
BRDA:205,11,0,0
BRDA:205,11,1,11
BRDA:209,12,0,0
BRDA:209,12,1,11
BRDA:217,13,0,11
BRDA:217,13,1,0
BRDA:223,14,0,44
BRDA:223,14,1,0
BRF:29
BRH:17
end_of_record
TN:
SF:src/features/vets/VetsPage.jsx
FN:13,VetAvatar
FN:22,(anonymous_1)
FN:25,(anonymous_2)
FN:26,(anonymous_3)
FN:45,(anonymous_4)
FN:50,VetsPage
FN:85,(anonymous_6)
FNF:7
FNH:7
FNDA:41,VetAvatar
FNDA:1,(anonymous_1)
FNDA:3,(anonymous_2)
FNDA:3,(anonymous_3)
FNDA:1,(anonymous_4)
FNDA:36,VetsPage
FNDA:40,(anonymous_6)
DA:14,41
DA:16,41
DA:22,41
DA:23,1
DA:25,3
DA:26,3
DA:32,41
DA:33,1
DA:40,40
DA:45,1
DA:51,36
DA:53,36
DA:54,1
DA:64,35
DA:86,40
LF:15
LH:15
BRDA:13,0,0,41
BRDA:32,1,0,1
BRDA:32,1,1,40
BRDA:32,2,0,41
BRDA:32,2,1,41
BRDA:53,3,0,1
BRDA:53,3,1,35
BRDA:71,4,0,24
BRDA:71,4,1,11
BRDA:75,5,0,1
BRDA:75,5,1,10
BRF:11
BRH:11
end_of_record
TN:
SF:src/hooks/index.js
FNF:0
FNH:0
LF:0
LH:0
BRF:0
BRH:0
end_of_record
TN:
SF:src/hooks/useAppointments.js
FN:10,useAppointments
FN:12,(anonymous_1)
FN:14,(anonymous_2)
FN:24,(anonymous_3)
FN:25,(anonymous_4)
FNF:5
FNH:5
FNDA:235,useAppointments
FNDA:540,(anonymous_1)
FNDA:97,(anonymous_2)
FNDA:55,(anonymous_3)
FNDA:55,(anonymous_4)
DA:11,235
DA:12,540
DA:14,235
DA:15,97
DA:18,96
DA:19,54
DA:24,235
DA:25,55
DA:31,235
LF:9
LH:9
BRDA:15,0,0,1
BRDA:15,0,1,96
BRDA:18,1,0,54
BRDA:18,1,1,42
BRDA:33,2,0,235
BRDA:33,2,1,125
BRDA:33,2,2,55
BRF:7
BRH:7
end_of_record
TN:
SF:src/hooks/useClients.js
FN:10,useClients
FN:12,(anonymous_1)
FN:14,(anonymous_2)
FNF:3
FNH:3
FNDA:235,useClients
FNDA:512,(anonymous_1)
FNDA:137,(anonymous_2)
DA:11,235
DA:12,512
DA:14,235
DA:16,137
DA:17,49
DA:21,235
LF:6
LH:6
BRDA:16,0,0,49
BRDA:16,0,1,88
BRDA:23,1,0,235
BRDA:23,1,1,186
BRF:4
BRH:4
end_of_record
TN:
SF:src/hooks/usePets.js
FN:10,usePets
FN:12,(anonymous_1)
FN:14,(anonymous_2)
FNF:3
FNH:3
FNDA:297,usePets
FNDA:700,(anonymous_1)
FNDA:193,(anonymous_2)
DA:11,297
DA:12,700
DA:14,297
DA:16,193
DA:17,68
DA:21,297
LF:6
LH:6
BRDA:16,0,0,68
BRDA:16,0,1,125
BRDA:23,1,0,297
BRDA:23,1,1,136
BRF:4
BRH:4
end_of_record
TN:
SF:src/hooks/useVets.js
FN:10,useVets
FN:12,(anonymous_1)
FN:14,(anonymous_2)
FNF:3
FNH:3
FNDA:256,useVets
FNDA:617,(anonymous_1)
FNDA:172,(anonymous_2)
DA:11,256
DA:12,617
DA:14,256
DA:16,172
DA:17,60
DA:21,256
LF:6
LH:6
BRDA:16,0,0,60
BRDA:16,0,1,112
BRDA:23,1,0,256
BRDA:23,1,1,168
BRF:4
BRH:4
end_of_record
TN:
SF:src/store/index.js
FNF:0
FNH:0
LF:0
LH:0
BRF:0
BRH:0
end_of_record
TN:
SF:src/store/store.js
FNF:0
FNH:0
DA:21,10
LF:1
LH:1
BRF:0
BRH:0
end_of_record
TN:
SF:src/store/slices/appointmentsSlice.js
FN:10,(anonymous_0)
FN:14,(anonymous_1)
FN:32,(anonymous_2)
FN:38,(anonymous_3)
FN:40,(anonymous_4)
FN:44,(anonymous_5)
FN:50,(anonymous_6)
FNF:7
FNH:6
FNDA:54,(anonymous_0)
FNDA:378,(anonymous_1)
FNDA:1,(anonymous_2)
FNDA:11,(anonymous_3)
FNDA:55,(anonymous_4)
FNDA:55,(anonymous_5)
FNDA:0,(anonymous_6)
DA:8,11
DA:11,54
DA:12,54
DA:14,378
DA:15,54
DA:17,0
DA:22,11
DA:33,1
DA:34,1
DA:35,1
DA:39,11
DA:41,55
DA:42,55
DA:45,55
DA:46,55
DA:47,55
DA:48,55
DA:51,0
DA:52,0
DA:57,11
LF:20
LH:17
BRF:0
BRH:0
end_of_record
TN:
SF:src/store/slices/clientsSlice.js
FN:10,(anonymous_0)
FN:28,(anonymous_1)
FN:30,(anonymous_2)
FN:34,(anonymous_3)
FN:39,(anonymous_4)
FNF:5
FNH:5
FNDA:49,(anonymous_0)
FNDA:11,(anonymous_1)
FNDA:50,(anonymous_2)
FNDA:48,(anonymous_3)
FNDA:1,(anonymous_4)
DA:8,11
DA:11,49
DA:12,49
DA:13,47
DA:15,1
DA:20,11
DA:29,11
DA:31,50
DA:32,50
DA:35,48
DA:36,48
DA:37,48
DA:40,1
DA:41,1
LF:14
LH:14
BRF:0
BRH:0
end_of_record
TN:
SF:src/store/slices/index.js
FNF:0
FNH:0
LF:0
LH:0
BRF:0
BRH:0
end_of_record
TN:
SF:src/store/slices/petsSlice.js
FN:10,(anonymous_0)
FN:28,(anonymous_1)
FN:30,(anonymous_2)
FN:34,(anonymous_3)
FN:39,(anonymous_4)
FNF:5
FNH:5
FNDA:68,(anonymous_0)
FNDA:11,(anonymous_1)
FNDA:69,(anonymous_2)
FNDA:67,(anonymous_3)
FNDA:2,(anonymous_4)
DA:8,11
DA:11,68
DA:12,68
DA:13,66
DA:15,1
DA:20,11
DA:29,11
DA:31,69
DA:32,69
DA:35,67
DA:36,67
DA:37,67
DA:40,2
DA:41,2
LF:14
LH:14
BRF:0
BRH:0
end_of_record
TN:
SF:src/store/slices/vetsSlice.js
FN:10,(anonymous_0)
FN:28,(anonymous_1)
FN:30,(anonymous_2)
FN:34,(anonymous_3)
FN:39,(anonymous_4)
FNF:5
FNH:4
FNDA:60,(anonymous_0)
FNDA:11,(anonymous_1)
FNDA:61,(anonymous_2)
FNDA:61,(anonymous_3)
FNDA:0,(anonymous_4)
DA:8,11
DA:11,60
DA:12,60
DA:13,60
DA:15,0
DA:20,11
DA:29,11
DA:31,61
DA:32,61
DA:35,61
DA:36,61
DA:37,61
DA:40,0
DA:41,0
LF:14
LH:11
BRF:0
BRH:0
end_of_record
