{
  "/Users/rodrigosanchez/Library/Mobile Documents/com~apple~CloudDocs/DUOC/DESARROLLO FRONTEND II_001A/Semana 9 EFT/cuidado-animal-testing-jest-cypress-/src/api/graphql.js": {
    "path": "/Users/rodrigosanchez/Library/Mobile Documents/com~apple~CloudDocs/DUOC/DESARROLLO FRONTEND II_001A/Semana 9 EFT/cuidado-animal-testing-jest-cypress-/src/api/graphql.js",
    "statementMap": {
      "0": {
        "start": {
          "line": 7,
          "column": 24
        },
        "end": {
          "line": 7,
          "column": 34
        }
      },
      "1": {
        "start": {
          "line": 16,
          "column": 19
        },
        "end": {
          "line": 25,
          "column": 4
        }
      },
      "2": {
        "start": {
          "line": 27,
          "column": 2
        },
        "end": {
          "line": 29,
          "column": 3
        }
      },
      "3": {
        "start": {
          "line": 28,
          "column": 4
        },
        "end": {
          "line": 28,
          "column": 65
        }
      },
      "4": {
        "start": {
          "line": 31,
          "column": 15
        },
        "end": {
          "line": 31,
          "column": 36
        }
      },
      "5": {
        "start": {
          "line": 33,
          "column": 2
        },
        "end": {
          "line": 35,
          "column": 3
        }
      },
      "6": {
        "start": {
          "line": 34,
          "column": 4
        },
        "end": {
          "line": 34,
          "column": 63
        }
      },
      "7": {
        "start": {
          "line": 37,
          "column": 2
        },
        "end": {
          "line": 37,
          "column": 18
        }
      },
      "8": {
        "start": {
          "line": 45,
          "column": 16
        },
        "end": {
          "line": 63,
          "column": 3
        }
      },
      "9": {
        "start": {
          "line": 64,
          "column": 15
        },
        "end": {
          "line": 64,
          "column": 40
        }
      },
      "10": {
        "start": {
          "line": 65,
          "column": 2
        },
        "end": {
          "line": 65,
          "column": 18
        }
      },
      "11": {
        "start": {
          "line": 73,
          "column": 16
        },
        "end": {
          "line": 84,
          "column": 3
        }
      },
      "12": {
        "start": {
          "line": 85,
          "column": 15
        },
        "end": {
          "line": 85,
          "column": 40
        }
      },
      "13": {
        "start": {
          "line": 86,
          "column": 2
        },
        "end": {
          "line": 86,
          "column": 18
        }
      },
      "14": {
        "start": {
          "line": 94,
          "column": 16
        },
        "end": {
          "line": 105,
          "column": 3
        }
      },
      "15": {
        "start": {
          "line": 106,
          "column": 15
        },
        "end": {
          "line": 106,
          "column": 40
        }
      },
      "16": {
        "start": {
          "line": 107,
          "column": 2
        },
        "end": {
          "line": 107,
          "column": 21
        }
      },
      "17": {
        "start": {
          "line": 117,
          "column": 16
        },
        "end": {
          "line": 134,
          "column": 3
        }
      },
      "18": {
        "start": {
          "line": 135,
          "column": 15
        },
        "end": {
          "line": 135,
          "column": 57
        }
      },
      "19": {
        "start": {
          "line": 136,
          "column": 2
        },
        "end": {
          "line": 136,
          "column": 26
        }
      }
    },
    "fnMap": {
      "0": {
        "name": "graphqlFetch",
        "decl": {
          "start": {
            "line": 15,
            "column": 15
          },
          "end": {
            "line": 15,
            "column": 27
          }
        },
        "loc": {
          "start": {
            "line": 15,
            "column": 51
          },
          "end": {
            "line": 38,
            "column": 1
          }
        },
        "line": 15
      },
      "1": {
        "name": "fetchPetsGraphQL",
        "decl": {
          "start": {
            "line": 44,
            "column": 22
          },
          "end": {
            "line": 44,
            "column": 38
          }
        },
        "loc": {
          "start": {
            "line": 44,
            "column": 41
          },
          "end": {
            "line": 66,
            "column": 1
          }
        },
        "line": 44
      },
      "2": {
        "name": "fetchVetsGraphQL",
        "decl": {
          "start": {
            "line": 72,
            "column": 22
          },
          "end": {
            "line": 72,
            "column": 38
          }
        },
        "loc": {
          "start": {
            "line": 72,
            "column": 41
          },
          "end": {
            "line": 87,
            "column": 1
          }
        },
        "line": 72
      },
      "3": {
        "name": "fetchClientsGraphQL",
        "decl": {
          "start": {
            "line": 93,
            "column": 22
          },
          "end": {
            "line": 93,
            "column": 41
          }
        },
        "loc": {
          "start": {
            "line": 93,
            "column": 44
          },
          "end": {
            "line": 108,
            "column": 1
          }
        },
        "line": 93
      },
      "4": {
        "name": "fetchAppointmentsGraphQL",
        "decl": {
          "start": {
            "line": 116,
            "column": 22
          },
          "end": {
            "line": 116,
            "column": 46
          }
        },
        "loc": {
          "start": {
            "line": 116,
            "column": 67
          },
          "end": {
            "line": 137,
            "column": 1
          }
        },
        "line": 116
      }
    },
    "branchMap": {
      "0": {
        "loc": {
          "start": {
            "line": 15,
            "column": 35
          },
          "end": {
            "line": 15,
            "column": 49
          }
        },
        "type": "default-arg",
        "locations": [
          {
            "start": {
              "line": 15,
              "column": 47
            },
            "end": {
              "line": 15,
              "column": 49
            }
          }
        ],
        "line": 15
      },
      "1": {
        "loc": {
          "start": {
            "line": 27,
            "column": 2
          },
          "end": {
            "line": 29,
            "column": 3
          }
        },
        "type": "if",
        "locations": [
          {
            "start": {
              "line": 27,
              "column": 2
            },
            "end": {
              "line": 29,
              "column": 3
            }
          },
          {
            "start": {},
            "end": {}
          }
        ],
        "line": 27
      },
      "2": {
        "loc": {
          "start": {
            "line": 33,
            "column": 2
          },
          "end": {
            "line": 35,
            "column": 3
          }
        },
        "type": "if",
        "locations": [
          {
            "start": {
              "line": 33,
              "column": 2
            },
            "end": {
              "line": 35,
              "column": 3
            }
          },
          {
            "start": {},
            "end": {}
          }
        ],
        "line": 33
      },
      "3": {
        "loc": {
          "start": {
            "line": 34,
            "column": 20
          },
          "end": {
            "line": 34,
            "column": 62
          }
        },
        "type": "binary-expr",
        "locations": [
          {
            "start": {
              "line": 34,
              "column": 20
            },
            "end": {
              "line": 34,
              "column": 43
            }
          },
          {
            "start": {
              "line": 34,
              "column": 47
            },
            "end": {
              "line": 34,
              "column": 62
            }
          }
        ],
        "line": 34
      },
      "4": {
        "loc": {
          "start": {
            "line": 116,
            "column": 53
          },
          "end": {
            "line": 116,
            "column": 65
          }
        },
        "type": "default-arg",
        "locations": [
          {
            "start": {
              "line": 116,
              "column": 61
            },
            "end": {
              "line": 116,
              "column": 65
            }
          }
        ],
        "line": 116
      }
    },
    "s": {
      "0": 57,
      "1": 68,
      "2": 46,
      "3": 0,
      "4": 46,
      "5": 40,
      "6": 0,
      "7": 40,
      "8": 68,
      "9": 68,
      "10": 40,
      "11": 0,
      "12": 0,
      "13": 0,
      "14": 0,
      "15": 0,
      "16": 0,
      "17": 0,
      "18": 0,
      "19": 0
    },
    "f": {
      "0": 68,
      "1": 68,
      "2": 0,
      "3": 0,
      "4": 0
    },
    "b": {
      "0": [
        68
      ],
      "1": [
        0,
        46
      ],
      "2": [
        0,
        40
      ],
      "3": [
        0,
        0
      ],
      "4": [
        0
      ]
    },
    "inputSourceMap": {
      "version": 3,
      "sources": [
        "/Users/rodrigosanchez/Library/Mobile Documents/com~apple~CloudDocs/DUOC/DESARROLLO FRONTEND II_001A/Semana 9 EFT/cuidado-animal-testing-jest-cypress-/src/api/graphql.js"
      ],
      "names": [],
      "mappings": "AAAA,CAAC,CAAC;AACF,CAAC,CAAC,CAAC,OAAO,CAAC,GAAG,CAAC;AACf,CAAC,CAAC,CAAC,GAAG,CAAC,KAAK,CAAC,MAAM,CAAC,IAAI,CAAC,GAAG,CAAC,GAAG,CAAC,KAAK,CAAC,WAAW,CAAC,GAAG,CAAC;AACvD,CAAC,CAAC,CAAC,GAAG,CAAC,YAAY,CAAC,QAAQ,CAAC,CAAC,CAAC,UAAU,CAAC,GAAG,CAAC,GAAG,CAAC,OAAO,CAAC;AAC1D,CAAC,CAAC;;AAEF,KAAK,CAAC,eAAe,CAAC,CAAC,CAAC,CAAC,CAAC,OAAO;;AAEjC,CAAC,CAAC;AACF,CAAC,CAAC,CAAC,OAAO,CAAC,GAAG,CAAC,KAAK,CAAC,OAAO,CAAC,MAAM,CAAC,KAAK,CAAC,MAAM,CAAC,CAAC,UAAU,CAAC,GAAG,CAAC,GAAG;AACpE,CAAC,CAAC,CAAC,CAAC,KAAK,CAAC,CAAC,MAAM,CAAC,CAAC,KAAK,CAAC,CAAC,CAAC,EAAE,CAAC,KAAK,CAAC;AACpC,CAAC,CAAC,CAAC,CAAC,KAAK,CAAC,CAAC,MAAM,CAAC,CAAC,SAAS,CAAC,CAAC,CAAC,SAAS,CAAC;AACzC,CAAC,CAAC,CAAC,CAAC,OAAO,CAAC,CAAC,OAAO,CAAC,GAAG,CAAC;AACzB,CAAC,CAAC;AACF,KAAK,CAAC,QAAQ,CAAC,YAAY,CAAC,KAAK,CAAC,CAAC,SAAS,CAAC,CAAC,CAAC,CAAC,CAAC,CAAC,CAAC;AACnD,CAAC,CAAC,KAAK,CAAC,QAAQ,CAAC,CAAC,CAAC,KAAK,CAAC,KAAK,CAAC,eAAe,CAAC,CAAC;AAChD,CAAC,CAAC,CAAC,CAAC,MAAM,CAAC,CAAC,CAAC,IAAI,CAAC;AAClB,CAAC,CAAC,CAAC,CAAC,OAAO,CAAC,CAAC;AACb,CAAC,CAAC,CAAC,CAAC,CAAC,CAAC,CAAC,OAAO,CAAC,IAAI,CAAC,CAAC,CAAC,CAAC,WAAW,CAAC,IAAI,CAAC;AACxC,CAAC,CAAC,CAAC,CAAC,CAAC;AACL,CAAC,CAAC,CAAC,CAAC,IAAI,CAAC,CAAC,IAAI,CAAC,SAAS,CAAC;AACzB,CAAC,CAAC,CAAC,CAAC,CAAC,CAAC,KAAK;AACX,CAAC,CAAC,CAAC,CAAC,CAAC,CAAC,SAAS;AACf,CAAC,CAAC,CAAC,CAAC,CAAC,CAAC;AACN,CAAC,CAAC,CAAC;;AAEH,CAAC,CAAC,EAAE,CAAC,CAAC,CAAC,QAAQ,CAAC,EAAE,CAAC,CAAC;AACpB,CAAC,CAAC,CAAC,CAAC,KAAK,CAAC,GAAG,CAAC,KAAK,CAAC,CAAC,OAAO,CAAC,OAAO,CAAC,MAAM,CAAC,CAAC,CAAC,CAAC,QAAQ,CAAC,MAAM,CAAC,CAAC;AAChE,CAAC,CAAC;;AAEF,CAAC,CAAC,KAAK,CAAC,IAAI,CAAC,CAAC,CAAC,KAAK,CAAC,QAAQ,CAAC,IAAI,CAAC;AACnC,CAAC;AACD,CAAC,CAAC,EAAE,CAAC,CAAC,IAAI,CAAC,MAAM,CAAC,CAAC;AACnB,CAAC,CAAC,CAAC,CAAC,KAAK,CAAC,GAAG,CAAC,KAAK,CAAC,IAAI,CAAC,MAAM,CAAC,CAAC,CAAC,CAAC,CAAC,OAAO,CAAC,CAAC,CAAC,CAAC,CAAC,OAAO,CAAC,KAAK,CAAC;AAC9D,CAAC,CAAC;;AAEF,CAAC,CAAC,MAAM,CAAC,IAAI,CAAC;AACd;;AAEA,CAAC,CAAC;AACF,CAAC,CAAC,CAAC,KAAK,CAAC,GAAG,CAAC,IAAI,CAAC,GAAG,CAAC;AACtB,CAAC,CAAC,CAAC,CAAC,OAAO,CAAC,CAAC,OAAO,CAAC,MAAM,CAAC,CAAC,CAAC,CAAC,KAAK,CAAC,CAAC,CAAC,GAAG,CAAC,CAAC,CAAC;AAC7C,CAAC,CAAC;AACF,MAAM,CAAC,KAAK,CAAC,QAAQ,CAAC,gBAAgB,CAAC,CAAC,CAAC;AACzC,CAAC,CAAC,KAAK,CAAC,KAAK,CAAC,CAAC,CAAC;AAChB,CAAC,CAAC,CAAC,CAAC,KAAK,CAAC,OAAO,CAAC;AAClB,CAAC,CAAC,CAAC,CAAC,CAAC,CAAC,IAAI,CAAC;AACX,CAAC,CAAC,CAAC,CAAC,CAAC,CAAC,CAAC,CAAC;AACR,CAAC,CAAC,CAAC,CAAC,CAAC,CAAC,CAAC,CAAC;AACR,CAAC,CAAC,CAAC,CAAC,CAAC,CAAC,CAAC,CAAC;AACR,CAAC,CAAC,CAAC,CAAC,CAAC,CAAC,CAAC,CAAC;AACR,CAAC,CAAC,CAAC,CAAC,CAAC,CAAC,CAAC,CAAC;AACR,CAAC,CAAC,CAAC,CAAC,CAAC,CAAC,CAAC,CAAC;AACR,CAAC,CAAC,CAAC,CAAC,CAAC,CAAC,CAAC,CAAC;AACR,CAAC,CAAC,CAAC,CAAC,CAAC,CAAC,CAAC,CAAC;AACR,CAAC,CAAC,CAAC,CAAC,CAAC,CAAC,CAAC,CAAC,cAAc,CAAC;AACvB,CAAC,CAAC,CAAC,CAAC,CAAC,CAAC,CAAC,CAAC,CAAC,CAAC;AACV,CAAC,CAAC,CAAC,CAAC,CAAC,CAAC,CAAC,CAAC,CAAC,CAAC;AACV,CAAC,CAAC,CAAC,CAAC,CAAC,CAAC,CAAC,CAAC,CAAC,CAAC;AACV,CAAC,CAAC,CAAC,CAAC,CAAC,CAAC,CAAC,CAAC;AACR,CAAC,CAAC,CAAC,CAAC,CAAC,CAAC;AACN,CAAC,CAAC,CAAC,CAAC;AACJ,CAAC,CAAC;AACF,CAAC,CAAC,KAAK,CAAC,IAAI,CAAC,CAAC,CAAC,KAAK,CAAC,YAAY,CAAC,KAAK;AACvC,CAAC,CAAC,MAAM,CAAC,IAAI,CAAC;AACd;;AAEA,CAAC,CAAC;AACF,CAAC,CAAC,CAAC,KAAK,CAAC,GAAG,CAAC,IAAI,CAAC,GAAG,CAAC;AACtB,CAAC,CAAC,CAAC,CAAC,OAAO,CAAC,CAAC,OAAO,CAAC,MAAM,CAAC,CAAC,CAAC,CAAC,KAAK,CAAC,CAAC,CAAC,GAAG,CAAC,CAAC,CAAC;AAC7C,CAAC,CAAC;AACF,MAAM,CAAC,KAAK,CAAC,QAAQ,CAAC,gBAAgB,CAAC,CAAC,CAAC;AACzC,CAAC,CAAC,KAAK,CAAC,KAAK,CAAC,CAAC,CAAC;AAChB,CAAC,CAAC,CAAC,CAAC,KAAK,CAAC,OAAO,CAAC;AAClB,CAAC,CAAC,CAAC,CAAC,CAAC,CAAC,IAAI,CAAC;AACX,CAAC,CAAC,CAAC,CAAC,CAAC,CAAC,CAAC,CAAC;AACR,CAAC,CAAC,CAAC,CAAC,CAAC,CAAC,CAAC,CAAC;AACR,CAAC,CAAC,CAAC,CAAC,CAAC,CAAC,CAAC,CAAC;AACR,CAAC,CAAC,CAAC,CAAC,CAAC,CAAC,CAAC,CAAC;AACR,CAAC,CAAC,CAAC,CAAC,CAAC,CAAC,CAAC,CAAC;AACR,CAAC,CAAC,CAAC,CAAC,CAAC,CAAC,CAAC,CAAC;AACR,CAAC,CAAC,CAAC,CAAC,CAAC,CAAC;AACN,CAAC,CAAC,CAAC,CAAC;AACJ,CAAC,CAAC;AACF,CAAC,CAAC,KAAK,CAAC,IAAI,CAAC,CAAC,CAAC,KAAK,CAAC,YAAY,CAAC,KAAK;AACvC,CAAC,CAAC,MAAM,CAAC,IAAI,CAAC;AACd;;AAEA,CAAC,CAAC;AACF,CAAC,CAAC,CAAC,KAAK,CAAC,GAAG,CAAC,OAAO,CAAC,GAAG,CAAC;AACzB,CAAC,CAAC,CAAC,CAAC,OAAO,CAAC,CAAC,OAAO,CAAC,MAAM,CAAC,CAAC,CAAC,CAAC,KAAK,CAAC,CAAC,CAAC,MAAM,CAAC,CAAC,CAAC;AAChD,CAAC,CAAC;AACF,MAAM,CAAC,KAAK,CAAC,QAAQ,CAAC,mBAAmB,CAAC,CAAC,CAAC;AAC5C,CAAC,CAAC,KAAK,CAAC,KAAK,CAAC,CAAC,CAAC;AAChB,CAAC,CAAC,CAAC,CAAC,KAAK,CAAC,UAAU,CAAC;AACrB,CAAC,CAAC,CAAC,CAAC,CAAC,CAAC,OAAO,CAAC;AACd,CAAC,CAAC,CAAC,CAAC,CAAC,CAAC,CAAC,CAAC;AACR,CAAC,CAAC,CAAC,CAAC,CAAC,CAAC,CAAC,CAAC;AACR,CAAC,CAAC,CAAC,CAAC,CAAC,CAAC,CAAC,CAAC;AACR,CAAC,CAAC,CAAC,CAAC,CAAC,CAAC,CAAC,CAAC;AACR,CAAC,CAAC,CAAC,CAAC,CAAC,CAAC,CAAC,CAAC;AACR,CAAC,CAAC,CAAC,CAAC,CAAC,CAAC,CAAC,CAAC;AACR,CAAC,CAAC,CAAC,CAAC,CAAC,CAAC;AACN,CAAC,CAAC,CAAC,CAAC;AACJ,CAAC,CAAC;AACF,CAAC,CAAC,KAAK,CAAC,IAAI,CAAC,CAAC,CAAC,KAAK,CAAC,YAAY,CAAC,KAAK;AACvC,CAAC,CAAC,MAAM,CAAC,IAAI,CAAC;AACd;;AAEA,CAAC,CAAC;AACF,CAAC,CAAC,CAAC,KAAK,CAAC,YAAY,CAAC,EAAE,CAAC,IAAI,CAAC,GAAG,CAAC;AAClC,CAAC,CAAC,CAAC,CAAC,KAAK,CAAC,CAAC,MAAM,CAAC,CAAC,IAAI,CAAC,CAAC,CAAC,IAAI,CAAC,EAAE,CAAC,IAAI,CAAC,EAAE,CAAC,EAAE,CAAC;AAC7C,CAAC,CAAC,CAAC,CAAC,KAAK,CAAC,CAAC,MAAM,CAAC,CAAC,KAAK,CAAC,CAAC,CAAC,QAAQ,CAAC,GAAG,CAAC,EAAE,CAAC;AAC3C,CAAC,CAAC,CAAC,CAAC,OAAO,CAAC,CAAC,OAAO,CAAC,MAAM,CAAC,CAAC,CAAC,CAAC,KAAK,CAAC,CAAC,CAAC,WAAW,CAAC,CAAC,CAAC;AACrD,CAAC,CAAC;AACF,MAAM,CAAC,KAAK,CAAC,QAAQ,CAAC,wBAAwB,CAAC,IAAI,CAAC,CAAC,KAAK,CAAC,CAAC,CAAC,IAAI,CAAC,CAAC;AACnE,CAAC,CAAC,KAAK,CAAC,KAAK,CAAC,CAAC,CAAC;AAChB,CAAC,CAAC,CAAC,CAAC,KAAK,CAAC,eAAe,CAAC,CAAC,IAAI,CAAC,CAAC,MAAM,CAAC,CAAC,CAAC,CAAC,KAAK,CAAC,CAAC,MAAM,CAAC,CAAC;AAC1D,CAAC,CAAC,CAAC,CAAC,CAAC,CAAC,YAAY,CAAC,IAAI,CAAC,CAAC,CAAC,IAAI,CAAC,CAAC,KAAK,CAAC,CAAC,CAAC,KAAK,CAAC,CAAC;AAC/C,CAAC,CAAC,CAAC,CAAC,CAAC,CAAC,CAAC,CAAC;AACR,CAAC,CAAC,CAAC,CAAC,CAAC,CAAC,CAAC,CAAC;AACR,CAAC,CAAC,CAAC,CAAC,CAAC,CAAC,CAAC,CAAC;AACR,CAAC,CAAC,CAAC,CAAC,CAAC,CAAC,CAAC,CAAC;AACR,CAAC,CAAC,CAAC,CAAC,CAAC,CAAC,CAAC,CAAC;AACR,CAAC,CAAC,CAAC,CAAC,CAAC,CAAC,CAAC,CAAC;AACR,CAAC,CAAC,CAAC,CAAC,CAAC,CAAC,CAAC,CAAC;AACR,CAAC,CAAC,CAAC,CAAC,CAAC,CAAC,CAAC,CAAC;AACR,CAAC,CAAC,CAAC,CAAC,CAAC,CAAC,CAAC,CAAC;AACR,CAAC,CAAC,CAAC,CAAC,CAAC,CAAC,CAAC,CAAC;AACR,CAAC,CAAC,CAAC,CAAC,CAAC,CAAC,CAAC,CAAC;AACR,CAAC,CAAC,CAAC,CAAC,CAAC,CAAC,CAAC,CAAC;AACR,CAAC,CAAC,CAAC,CAAC,CAAC,CAAC;AACN,CAAC,CAAC,CAAC,CAAC;AACJ,CAAC,CAAC;AACF,CAAC,CAAC,KAAK,CAAC,IAAI,CAAC,CAAC,CAAC,KAAK,CAAC,YAAY,CAAC,KAAK,CAAC,CAAC,CAAC,CAAC,IAAI,CAAC,CAAC,KAAK,CAAC,CAAC;AACxD,CAAC,CAAC,MAAM,CAAC,IAAI,CAAC;AACd;"
    },
    "_coverageSchema": "1a1c01bbd47fc00a2c39e90264f33305004495a9",
    "hash": "a3db2ff4d1ff731ff937ef302eacedf8aa4307c2"
  },
  "/Users/rodrigosanchez/Library/Mobile Documents/com~apple~CloudDocs/DUOC/DESARROLLO FRONTEND II_001A/Semana 9 EFT/cuidado-animal-testing-jest-cypress-/src/store/slices/petsSlice.js": {
    "path": "/Users/rodrigosanchez/Library/Mobile Documents/com~apple~CloudDocs/DUOC/DESARROLLO FRONTEND II_001A/Semana 9 EFT/cuidado-animal-testing-jest-cypress-/src/store/slices/petsSlice.js",
    "statementMap": {
      "0": {
        "start": {
          "line": 8,
          "column": 24
        },
        "end": {
          "line": 18,
          "column": 1
        }
      },
      "1": {
        "start": {
          "line": 11,
          "column": 4
        },
        "end": {
          "line": 16,
          "column": 5
        }
      },
      "2": {
        "start": {
          "line": 12,
          "column": 19
        },
        "end": {
          "line": 12,
          "column": 43
        }
      },
      "3": {
        "start": {
          "line": 13,
          "column": 6
        },
        "end": {
          "line": 13,
          "column": 17
        }
      },
      "4": {
        "start": {
          "line": 15,
          "column": 6
        },
        "end": {
          "line": 15,
          "column": 43
        }
      },
      "5": {
        "start": {
          "line": 20,
          "column": 18
        },
        "end": {
          "line": 44,
          "column": 2
        }
      },
      "6": {
        "start": {
          "line": 29,
          "column": 4
        },
        "end": {
          "line": 42,
          "column": 8
        }
      },
      "7": {
        "start": {
          "line": 31,
          "column": 8
        },
        "end": {
          "line": 31,
          "column": 32
        }
      },
      "8": {
        "start": {
          "line": 32,
          "column": 8
        },
        "end": {
          "line": 32,
          "column": 26
        }
      },
      "9": {
        "start": {
          "line": 35,
          "column": 8
        },
        "end": {
          "line": 35,
          "column": 34
        }
      },
      "10": {
        "start": {
          "line": 36,
          "column": 8
        },
        "end": {
          "line": 36,
          "column": 36
        }
      },
      "11": {
        "start": {
          "line": 37,
          "column": 8
        },
        "end": {
          "line": 37,
          "column": 26
        }
      },
      "12": {
        "start": {
          "line": 40,
          "column": 8
        },
        "end": {
          "line": 40,
          "column": 31
        }
      },
      "13": {
        "start": {
          "line": 41,
          "column": 8
        },
        "end": {
          "line": 41,
          "column": 36
        }
      }
    },
    "fnMap": {
      "0": {
        "name": "(anonymous_0)",
        "decl": {
          "start": {
            "line": 10,
            "column": 2
          },
          "end": {
            "line": 10,
            "column": 3
          }
        },
        "loc": {
          "start": {
            "line": 10,
            "column": 36
          },
          "end": {
            "line": 17,
            "column": 3
          }
        },
        "line": 10
      },
      "1": {
        "name": "(anonymous_1)",
        "decl": {
          "start": {
            "line": 28,
            "column": 17
          },
          "end": {
            "line": 28,
            "column": 18
          }
        },
        "loc": {
          "start": {
            "line": 28,
            "column": 30
          },
          "end": {
            "line": 43,
            "column": 3
          }
        },
        "line": 28
      },
      "2": {
        "name": "(anonymous_2)",
        "decl": {
          "start": {
            "line": 30,
            "column": 33
          },
          "end": {
            "line": 30,
            "column": 34
          }
        },
        "loc": {
          "start": {
            "line": 30,
            "column": 44
          },
          "end": {
            "line": 33,
            "column": 7
          }
        },
        "line": 30
      },
      "3": {
        "name": "(anonymous_3)",
        "decl": {
          "start": {
            "line": 34,
            "column": 35
          },
          "end": {
            "line": 34,
            "column": 36
          }
        },
        "loc": {
          "start": {
            "line": 34,
            "column": 54
          },
          "end": {
            "line": 38,
            "column": 7
          }
        },
        "line": 34
      },
      "4": {
        "name": "(anonymous_4)",
        "decl": {
          "start": {
            "line": 39,
            "column": 34
          },
          "end": {
            "line": 39,
            "column": 35
          }
        },
        "loc": {
          "start": {
            "line": 39,
            "column": 53
          },
          "end": {
            "line": 42,
            "column": 7
          }
        },
        "line": 39
      }
    },
    "branchMap": {},
    "s": {
      "0": 57,
      "1": 68,
      "2": 68,
      "3": 40,
      "4": 0,
      "5": 57,
      "6": 57,
      "7": 68,
      "8": 68,
      "9": 40,
      "10": 40,
      "11": 40,
      "12": 0,
      "13": 0
    },
    "f": {
      "0": 68,
      "1": 57,
      "2": 68,
      "3": 40,
      "4": 0
    },
    "b": {},
    "inputSourceMap": {
      "version": 3,
      "sources": [
        "/Users/rodrigosanchez/Library/Mobile Documents/com~apple~CloudDocs/DUOC/DESARROLLO FRONTEND II_001A/Semana 9 EFT/cuidado-animal-testing-jest-cypress-/src/store/slices/petsSlice.js"
      ],
      "names": [],
      "mappings": "AAAA,MAAM,CAAC,CAAC,CAAC,WAAW,CAAC,CAAC,gBAAgB,CAAC,CAAC,CAAC,IAAI,CAAC,CAAC,CAAC,OAAO,CAAC,OAAO;AAC/D,MAAM,CAAC,CAAC,CAAC,gBAAgB,CAAC,CAAC,CAAC,IAAI,CAAC,CAAC,CAAC,CAAC,CAAC,CAAC,CAAC,CAAC,GAAG,CAAC,OAAO;;AAEnD,CAAC,CAAC;AACF,CAAC,CAAC,CAAC,KAAK,CAAC,KAAK,CAAC,IAAI,CAAC,MAAM,CAAC,QAAQ,CAAC,GAAG,CAAC;AACxC,CAAC,CAAC,CAAC,GAAG,CAAC,UAAU,CAAC,EAAE,CAAC,MAAM,CAAC,CAAC,CAAC,EAAE,CAAC,EAAE,CAAC;AACpC,CAAC,CAAC;AACF,MAAM,CAAC,KAAK,CAAC,QAAQ,CAAC,CAAC,CAAC,gBAAgB;AACxC,CAAC,CAAC,CAAC,IAAI,CAAC,QAAQ,CAAC;AACjB,CAAC,CAAC,KAAK,CAAC,CAAC,CAAC,CAAC,CAAC,CAAC,CAAC,eAAe,CAAC,CAAC,CAAC,CAAC,CAAC,CAAC,CAAC;AACpC,CAAC,CAAC,CAAC,CAAC,GAAG,CAAC;AACR,CAAC,CAAC,CAAC,CAAC,CAAC,CAAC,KAAK,CAAC,IAAI,CAAC,CAAC,CAAC,KAAK,CAAC,gBAAgB,CAAC;AAC1C,CAAC,CAAC,CAAC,CAAC,CAAC,CAAC,MAAM,CAAC;AACb,CAAC,CAAC,CAAC,CAAC,CAAC,CAAC,KAAK,CAAC,CAAC,KAAK,CAAC,CAAC;AACpB,CAAC,CAAC,CAAC,CAAC,CAAC,CAAC,MAAM,CAAC,eAAe,CAAC,KAAK,CAAC,OAAO;AAC1C,CAAC,CAAC,CAAC,CAAC;AACJ,CAAC,CAAC;AACF;;AAEA,KAAK,CAAC,SAAS,CAAC,CAAC,CAAC,WAAW,CAAC;AAC9B,CAAC,CAAC,IAAI,CAAC,CAAC,CAAC,IAAI,CAAC;AACd,CAAC,CAAC,YAAY,CAAC,CAAC;AAChB,CAAC,CAAC,CAAC,CAAC,KAAK,CAAC,CAAC,CAAC,CAAC;AACb,CAAC,CAAC,CAAC,CAAC,MAAM,CAAC,CAAC,CAAC,IAAI,CAAC,CAAC,CAAC,CAAC,CAAC,CAAC,CAAC,IAAI,CAAC,CAAC,CAAC,CAAC,CAAC,OAAO,CAAC,CAAC,CAAC,CAAC,CAAC,SAAS,CAAC,CAAC,CAAC,CAAC,CAAC,MAAM;AACjE,CAAC,CAAC,CAAC,CAAC,KAAK,CAAC,CAAC;AACX,CAAC,CAAC,CAAC;AACH,CAAC,CAAC,QAAQ,CAAC,CAAC,CAAC,CAAC;AACd,CAAC,CAAC,aAAa,CAAC,CAAC,CAAC,OAAO,CAAC,CAAC,CAAC,CAAC,CAAC;AAC9B,CAAC,CAAC,CAAC,CAAC;AACJ,CAAC,CAAC,CAAC,CAAC,CAAC,CAAC,CAAC,OAAO,CAAC,QAAQ,CAAC,OAAO,CAAC,CAAC,CAAC,KAAK,CAAC,CAAC,CAAC,CAAC,CAAC;AAC5C,CAAC,CAAC,CAAC,CAAC,CAAC,CAAC,CAAC,CAAC,KAAK,CAAC,MAAM,CAAC,CAAC,CAAC,CAAC,OAAO;AAC/B,CAAC,CAAC,CAAC,CAAC,CAAC,CAAC,CAAC,CAAC,KAAK,CAAC,KAAK,CAAC,CAAC,CAAC;AACtB,CAAC,CAAC,CAAC,CAAC,CAAC,CAAC,CAAC;AACP,CAAC,CAAC,CAAC,CAAC,CAAC,CAAC,CAAC,OAAO,CAAC,QAAQ,CAAC,SAAS,CAAC,CAAC,CAAC,KAAK,CAAC,CAAC,MAAM,CAAC,CAAC,CAAC,CAAC,CAAC;AACtD,CAAC,CAAC,CAAC,CAAC,CAAC,CAAC,CAAC,CAAC,KAAK,CAAC,MAAM,CAAC,CAAC,CAAC,CAAC,SAAS;AACjC,CAAC,CAAC,CAAC,CAAC,CAAC,CAAC,CAAC,CAAC,KAAK,CAAC,KAAK,CAAC,CAAC,CAAC,MAAM,CAAC;AAC7B,CAAC,CAAC,CAAC,CAAC,CAAC,CAAC,CAAC,CAAC,KAAK,CAAC,KAAK,CAAC,CAAC,CAAC;AACtB,CAAC,CAAC,CAAC,CAAC,CAAC,CAAC,CAAC;AACP,CAAC,CAAC,CAAC,CAAC,CAAC,CAAC,CAAC,OAAO,CAAC,QAAQ,CAAC,QAAQ,CAAC,CAAC,CAAC,KAAK,CAAC,CAAC,MAAM,CAAC,CAAC,CAAC,CAAC,CAAC;AACrD,CAAC,CAAC,CAAC,CAAC,CAAC,CAAC,CAAC,CAAC,KAAK,CAAC,MAAM,CAAC,CAAC,CAAC,CAAC,MAAM;AAC9B,CAAC,CAAC,CAAC,CAAC,CAAC,CAAC,CAAC,CAAC,KAAK,CAAC,KAAK,CAAC,CAAC,CAAC,MAAM,CAAC;AAC7B,CAAC,CAAC,CAAC,CAAC,CAAC,CAAC,CAAC;AACP,CAAC,CAAC;AACF,CAAC;;AAED,MAAM,CAAC,OAAO,CAAC,SAAS,CAAC;"
    },
    "_coverageSchema": "1a1c01bbd47fc00a2c39e90264f33305004495a9",
    "hash": "7cadde9d0c39d54ead026477ada5825aeb06f041"
  },
  "/Users/rodrigosanchez/Library/Mobile Documents/com~apple~CloudDocs/DUOC/DESARROLLO FRONTEND II_001A/Semana 9 EFT/cuidado-animal-testing-jest-cypress-/src/api/rest.js": {
    "path": "/Users/rodrigosanchez/Library/Mobile Documents/com~apple~CloudDocs/DUOC/DESARROLLO FRONTEND II_001A/Semana 9 EFT/cuidado-animal-testing-jest-cypress-/src/api/rest.js",
    "statementMap": {
      "0": {
        "start": {
          "line": 1,
          "column": 21
        },
        "end": {
          "line": 1,
          "column": 27
        }
      },
      "1": {
        "start": {
          "line": 8,
          "column": 19
        },
        "end": {
          "line": 8,
          "column": 57
        }
      },
      "2": {
        "start": {
          "line": 9,
          "column": 2
        },
        "end": {
          "line": 11,
          "column": 3
        }
      },
      "3": {
        "start": {
          "line": 10,
          "column": 4
        },
        "end": {
          "line": 10,
          "column": 45
        }
      },
      "4": {
        "start": {
          "line": 12,
          "column": 2
        },
        "end": {
          "line": 12,
          "column": 24
        }
      },
      "5": {
        "start": {
          "line": 20,
          "column": 19
        },
        "end": {
          "line": 20,
          "column": 54
        }
      },
      "6": {
        "start": {
          "line": 21,
          "column": 2
        },
        "end": {
          "line": 23,
          "column": 3
        }
      },
      "7": {
        "start": {
          "line": 22,
          "column": 4
        },
        "end": {
          "line": 22,
          "column": 42
        }
      },
      "8": {
        "start": {
          "line": 24,
          "column": 2
        },
        "end": {
          "line": 24,
          "column": 24
        }
      },
      "9": {
        "start": {
          "line": 32,
          "column": 19
        },
        "end": {
          "line": 32,
          "column": 54
        }
      },
      "10": {
        "start": {
          "line": 33,
          "column": 2
        },
        "end": {
          "line": 35,
          "column": 3
        }
      },
      "11": {
        "start": {
          "line": 34,
          "column": 4
        },
        "end": {
          "line": 34,
          "column": 42
        }
      },
      "12": {
        "start": {
          "line": 36,
          "column": 2
        },
        "end": {
          "line": 36,
          "column": 24
        }
      },
      "13": {
        "start": {
          "line": 45,
          "column": 19
        },
        "end": {
          "line": 45,
          "column": 75
        }
      },
      "14": {
        "start": {
          "line": 46,
          "column": 2
        },
        "end": {
          "line": 48,
          "column": 3
        }
      },
      "15": {
        "start": {
          "line": 47,
          "column": 4
        },
        "end": {
          "line": 47,
          "column": 50
        }
      },
      "16": {
        "start": {
          "line": 49,
          "column": 2
        },
        "end": {
          "line": 49,
          "column": 24
        }
      }
    },
    "fnMap": {
      "0": {
        "name": "fetchClients",
        "decl": {
          "start": {
            "line": 7,
            "column": 22
          },
          "end": {
            "line": 7,
            "column": 34
          }
        },
        "loc": {
          "start": {
            "line": 7,
            "column": 37
          },
          "end": {
            "line": 13,
            "column": 1
          }
        },
        "line": 7
      },
      "1": {
        "name": "fetchPets",
        "decl": {
          "start": {
            "line": 19,
            "column": 22
          },
          "end": {
            "line": 19,
            "column": 31
          }
        },
        "loc": {
          "start": {
            "line": 19,
            "column": 34
          },
          "end": {
            "line": 25,
            "column": 1
          }
        },
        "line": 19
      },
      "2": {
        "name": "fetchVets",
        "decl": {
          "start": {
            "line": 31,
            "column": 22
          },
          "end": {
            "line": 31,
            "column": 31
          }
        },
        "loc": {
          "start": {
            "line": 31,
            "column": 34
          },
          "end": {
            "line": 37,
            "column": 1
          }
        },
        "line": 31
      },
      "3": {
        "name": "fetchAppointments",
        "decl": {
          "start": {
            "line": 44,
            "column": 22
          },
          "end": {
            "line": 44,
            "column": 39
          }
        },
        "loc": {
          "start": {
            "line": 44,
            "column": 46
          },
          "end": {
            "line": 50,
            "column": 1
          }
        },
        "line": 44
      }
    },
    "branchMap": {
      "0": {
        "loc": {
          "start": {
            "line": 9,
            "column": 2
          },
          "end": {
            "line": 11,
            "column": 3
          }
        },
        "type": "if",
        "locations": [
          {
            "start": {
              "line": 9,
              "column": 2
            },
            "end": {
              "line": 11,
              "column": 3
            }
          },
          {
            "start": {},
            "end": {}
          }
        ],
        "line": 9
      },
      "1": {
        "loc": {
          "start": {
            "line": 21,
            "column": 2
          },
          "end": {
            "line": 23,
            "column": 3
          }
        },
        "type": "if",
        "locations": [
          {
            "start": {
              "line": 21,
              "column": 2
            },
            "end": {
              "line": 23,
              "column": 3
            }
          },
          {
            "start": {},
            "end": {}
          }
        ],
        "line": 21
      },
      "2": {
        "loc": {
          "start": {
            "line": 33,
            "column": 2
          },
          "end": {
            "line": 35,
            "column": 3
          }
        },
        "type": "if",
        "locations": [
          {
            "start": {
              "line": 33,
              "column": 2
            },
            "end": {
              "line": 35,
              "column": 3
            }
          },
          {
            "start": {},
            "end": {}
          }
        ],
        "line": 33
      },
      "3": {
        "loc": {
          "start": {
            "line": 46,
            "column": 2
          },
          "end": {
            "line": 48,
            "column": 3
          }
        },
        "type": "if",
        "locations": [
          {
            "start": {
              "line": 46,
              "column": 2
            },
            "end": {
              "line": 48,
              "column": 3
            }
          },
          {
            "start": {},
            "end": {}
          }
        ],
        "line": 46
      }
    },
    "s": {
      "0": 57,
      "1": 50,
      "2": 34,
      "3": 0,
      "4": 34,
      "5": 0,
      "6": 0,
      "7": 0,
      "8": 0,
      "9": 54,
      "10": 40,
      "11": 0,
      "12": 40,
      "13": 50,
      "14": 38,
      "15": 0,
      "16": 38
    },
    "f": {
      "0": 50,
      "1": 0,
      "2": 54,
      "3": 50
    },
    "b": {
      "0": [
        0,
        34
      ],
      "1": [
        0,
        0
      ],
      "2": [
        0,
        40
      ],
      "3": [
        0,
        38
      ]
    },
    "inputSourceMap": {
      "version": 3,
      "sources": [
        "/Users/rodrigosanchez/Library/Mobile Documents/com~apple~CloudDocs/DUOC/DESARROLLO FRONTEND II_001A/Semana 9 EFT/cuidado-animal-testing-jest-cypress-/src/api/rest.js"
      ],
      "names": [],
      "mappings": "AAAA,KAAK,CAAC,YAAY,CAAC,CAAC,CAAC,CAAC,CAAC,GAAG;;AAE1B,CAAC,CAAC;AACF,CAAC,CAAC,CAAC,KAAK,CAAC,GAAG,CAAC,OAAO,CAAC,IAAI,CAAC,IAAI,CAAC;AAC/B,CAAC,CAAC,CAAC,CAAC,OAAO,CAAC,CAAC,OAAO,CAAC,MAAM,CAAC,CAAC,CAAC,CAAC,KAAK,CAAC,CAAC,CAAC,MAAM,CAAC,CAAC,CAAC;AAChD,CAAC,CAAC;AACF,MAAM,CAAC,KAAK,CAAC,QAAQ,CAAC,YAAY,CAAC,CAAC,CAAC;AACrC,CAAC,CAAC,KAAK,CAAC,QAAQ,CAAC,CAAC,CAAC,KAAK,CAAC,KAAK,CAAC,CAAC,CAAC,CAAC,YAAY,CAAC,CAAC,OAAO,CAAC;AACxD,CAAC,CAAC,EAAE,CAAC,CAAC,CAAC,QAAQ,CAAC,EAAE,CAAC,CAAC;AACpB,CAAC,CAAC,CAAC,CAAC,KAAK,CAAC,GAAG,CAAC,KAAK,CAAC,CAAC,KAAK,CAAC,QAAQ,CAAC,OAAO,CAAC;AAC5C,CAAC,CAAC;AACF,CAAC,CAAC,MAAM,CAAC,QAAQ,CAAC,IAAI,CAAC;AACvB;;AAEA,CAAC,CAAC;AACF,CAAC,CAAC,CAAC,KAAK,CAAC,GAAG,CAAC,IAAI,CAAC,IAAI,CAAC,IAAI,CAAC;AAC5B,CAAC,CAAC,CAAC,CAAC,OAAO,CAAC,CAAC,OAAO,CAAC,MAAM,CAAC,CAAC,CAAC,CAAC,KAAK,CAAC,CAAC,CAAC,GAAG,CAAC,CAAC,CAAC;AAC7C,CAAC,CAAC;AACF,MAAM,CAAC,KAAK,CAAC,QAAQ,CAAC,SAAS,CAAC,CAAC,CAAC;AAClC,CAAC,CAAC,KAAK,CAAC,QAAQ,CAAC,CAAC,CAAC,KAAK,CAAC,KAAK,CAAC,CAAC,CAAC,CAAC,YAAY,CAAC,CAAC,IAAI,CAAC;AACrD,CAAC,CAAC,EAAE,CAAC,CAAC,CAAC,QAAQ,CAAC,EAAE,CAAC,CAAC;AACpB,CAAC,CAAC,CAAC,CAAC,KAAK,CAAC,GAAG,CAAC,KAAK,CAAC,CAAC,KAAK,CAAC,QAAQ,CAAC,IAAI,CAAC;AACzC,CAAC,CAAC;AACF,CAAC,CAAC,MAAM,CAAC,QAAQ,CAAC,IAAI,CAAC;AACvB;;AAEA,CAAC,CAAC;AACF,CAAC,CAAC,CAAC,KAAK,CAAC,GAAG,CAAC,IAAI,CAAC,IAAI,CAAC,IAAI,CAAC;AAC5B,CAAC,CAAC,CAAC,CAAC,OAAO,CAAC,CAAC,OAAO,CAAC,MAAM,CAAC,CAAC,CAAC,CAAC,KAAK,CAAC,CAAC,CAAC,GAAG,CAAC,CAAC,CAAC;AAC7C,CAAC,CAAC;AACF,MAAM,CAAC,KAAK,CAAC,QAAQ,CAAC,SAAS,CAAC,CAAC,CAAC;AAClC,CAAC,CAAC,KAAK,CAAC,QAAQ,CAAC,CAAC,CAAC,KAAK,CAAC,KAAK,CAAC,CAAC,CAAC,CAAC,YAAY,CAAC,CAAC,IAAI,CAAC;AACrD,CAAC,CAAC,EAAE,CAAC,CAAC,CAAC,QAAQ,CAAC,EAAE,CAAC,CAAC;AACpB,CAAC,CAAC,CAAC,CAAC,KAAK,CAAC,GAAG,CAAC,KAAK,CAAC,CAAC,KAAK,CAAC,QAAQ,CAAC,IAAI,CAAC;AACzC,CAAC,CAAC;AACF,CAAC,CAAC,MAAM,CAAC,QAAQ,CAAC,IAAI,CAAC;AACvB;;AAEA,CAAC,CAAC;AACF,CAAC,CAAC,CAAC,KAAK,CAAC,YAAY,CAAC,EAAE,CAAC,IAAI,CAAC,IAAI,CAAC,IAAI,CAAC;AACxC,CAAC,CAAC,CAAC,CAAC,KAAK,CAAC,CAAC,MAAM,CAAC,CAAC,IAAI,CAAC,CAAC,CAAC,IAAI,CAAC,EAAE,CAAC,IAAI,CAAC,EAAE,CAAC,EAAE,CAAC;AAC7C,CAAC,CAAC,CAAC,CAAC,OAAO,CAAC,CAAC,OAAO,CAAC,MAAM,CAAC,CAAC,CAAC,CAAC,KAAK,CAAC,CAAC,CAAC,WAAW,CAAC,CAAC,CAAC;AACrD,CAAC,CAAC;AACF,MAAM,CAAC,KAAK,CAAC,QAAQ,CAAC,iBAAiB,CAAC,IAAI,CAAC,CAAC;AAC9C,CAAC,CAAC,KAAK,CAAC,QAAQ,CAAC,CAAC,CAAC,KAAK,CAAC,KAAK,CAAC,CAAC,CAAC,CAAC,YAAY,CAAC,CAAC,YAAY,CAAC,IAAI,CAAC,CAAC,CAAC,IAAI,CAAC,CAAC;AAC1E,CAAC,CAAC,EAAE,CAAC,CAAC,CAAC,QAAQ,CAAC,EAAE,CAAC,CAAC;AACpB,CAAC,CAAC,CAAC,CAAC,KAAK,CAAC,GAAG,CAAC,KAAK,CAAC,CAAC,KAAK,CAAC,QAAQ,CAAC,YAAY,CAAC;AACjD,CAAC,CAAC;AACF,CAAC,CAAC,MAAM,CAAC,QAAQ,CAAC,IAAI,CAAC;AACvB;"
    },
    "_coverageSchema": "1a1c01bbd47fc00a2c39e90264f33305004495a9",
    "hash": "1e952f13bbbdb2662e50a36beb828b00bc34d0f5"
  },
  "/Users/rodrigosanchez/Library/Mobile Documents/com~apple~CloudDocs/DUOC/DESARROLLO FRONTEND II_001A/Semana 9 EFT/cuidado-animal-testing-jest-cypress-/src/store/slices/clientsSlice.js": {
    "path": "/Users/rodrigosanchez/Library/Mobile Documents/com~apple~CloudDocs/DUOC/DESARROLLO FRONTEND II_001A/Semana 9 EFT/cuidado-animal-testing-jest-cypress-/src/store/slices/clientsSlice.js",
    "statementMap": {
      "0": {
        "start": {
          "line": 8,
          "column": 27
        },
        "end": {
          "line": 18,
          "column": 1
        }
      },
      "1": {
        "start": {
          "line": 11,
          "column": 4
        },
        "end": {
          "line": 16,
          "column": 5
        }
      },
      "2": {
        "start": {
          "line": 12,
          "column": 19
        },
        "end": {
          "line": 12,
          "column": 39
        }
      },
      "3": {
        "start": {
          "line": 13,
          "column": 6
        },
        "end": {
          "line": 13,
          "column": 17
        }
      },
      "4": {
        "start": {
          "line": 15,
          "column": 6
        },
        "end": {
          "line": 15,
          "column": 43
        }
      },
      "5": {
        "start": {
          "line": 20,
          "column": 21
        },
        "end": {
          "line": 44,
          "column": 2
        }
      },
      "6": {
        "start": {
          "line": 29,
          "column": 4
        },
        "end": {
          "line": 42,
          "column": 8
        }
      },
      "7": {
        "start": {
          "line": 31,
          "column": 8
        },
        "end": {
          "line": 31,
          "column": 32
        }
      },
      "8": {
        "start": {
          "line": 32,
          "column": 8
        },
        "end": {
          "line": 32,
          "column": 26
        }
      },
      "9": {
        "start": {
          "line": 35,
          "column": 8
        },
        "end": {
          "line": 35,
          "column": 34
        }
      },
      "10": {
        "start": {
          "line": 36,
          "column": 8
        },
        "end": {
          "line": 36,
          "column": 36
        }
      },
      "11": {
        "start": {
          "line": 37,
          "column": 8
        },
        "end": {
          "line": 37,
          "column": 26
        }
      },
      "12": {
        "start": {
          "line": 40,
          "column": 8
        },
        "end": {
          "line": 40,
          "column": 31
        }
      },
      "13": {
        "start": {
          "line": 41,
          "column": 8
        },
        "end": {
          "line": 41,
          "column": 36
        }
      }
    },
    "fnMap": {
      "0": {
        "name": "(anonymous_0)",
        "decl": {
          "start": {
            "line": 10,
            "column": 2
          },
          "end": {
            "line": 10,
            "column": 3
          }
        },
        "loc": {
          "start": {
            "line": 10,
            "column": 36
          },
          "end": {
            "line": 17,
            "column": 3
          }
        },
        "line": 10
      },
      "1": {
        "name": "(anonymous_1)",
        "decl": {
          "start": {
            "line": 28,
            "column": 17
          },
          "end": {
            "line": 28,
            "column": 18
          }
        },
        "loc": {
          "start": {
            "line": 28,
            "column": 30
          },
          "end": {
            "line": 43,
            "column": 3
          }
        },
        "line": 28
      },
      "2": {
        "name": "(anonymous_2)",
        "decl": {
          "start": {
            "line": 30,
            "column": 36
          },
          "end": {
            "line": 30,
            "column": 37
          }
        },
        "loc": {
          "start": {
            "line": 30,
            "column": 47
          },
          "end": {
            "line": 33,
            "column": 7
          }
        },
        "line": 30
      },
      "3": {
        "name": "(anonymous_3)",
        "decl": {
          "start": {
            "line": 34,
            "column": 38
          },
          "end": {
            "line": 34,
            "column": 39
          }
        },
        "loc": {
          "start": {
            "line": 34,
            "column": 57
          },
          "end": {
            "line": 38,
            "column": 7
          }
        },
        "line": 34
      },
      "4": {
        "name": "(anonymous_4)",
        "decl": {
          "start": {
            "line": 39,
            "column": 37
          },
          "end": {
            "line": 39,
            "column": 38
          }
        },
        "loc": {
          "start": {
            "line": 39,
            "column": 56
          },
          "end": {
            "line": 42,
            "column": 7
          }
        },
        "line": 39
      }
    },
    "branchMap": {},
    "s": {
      "0": 57,
      "1": 50,
      "2": 50,
      "3": 32,
      "4": 0,
      "5": 57,
      "6": 57,
      "7": 50,
      "8": 50,
      "9": 32,
      "10": 32,
      "11": 32,
      "12": 0,
      "13": 0
    },
    "f": {
      "0": 50,
      "1": 57,
      "2": 50,
      "3": 32,
      "4": 0
    },
    "b": {},
    "inputSourceMap": {
      "version": 3,
      "sources": [
        "/Users/rodrigosanchez/Library/Mobile Documents/com~apple~CloudDocs/DUOC/DESARROLLO FRONTEND II_001A/Semana 9 EFT/cuidado-animal-testing-jest-cypress-/src/store/slices/clientsSlice.js"
      ],
      "names": [],
      "mappings": "AAAA,MAAM,CAAC,CAAC,CAAC,WAAW,CAAC,CAAC,gBAAgB,CAAC,CAAC,CAAC,IAAI,CAAC,CAAC,CAAC,OAAO,CAAC,OAAO;AAC/D,MAAM,CAAC,CAAC,CAAC,YAAY,CAAC,CAAC,CAAC,IAAI,CAAC,CAAC,CAAC,CAAC,CAAC,CAAC,CAAC,CAAC,GAAG,CAAC,IAAI;;AAE5C,CAAC,CAAC;AACF,CAAC,CAAC,CAAC,KAAK,CAAC,KAAK,CAAC,IAAI,CAAC,MAAM,CAAC,QAAQ,CAAC,GAAG,CAAC;AACxC,CAAC,CAAC,CAAC,GAAG,CAAC,UAAU,CAAC,EAAE,CAAC,MAAM,CAAC,CAAC,CAAC,EAAE,CAAC,EAAE,CAAC;AACpC,CAAC,CAAC;AACF,MAAM,CAAC,KAAK,CAAC,WAAW,CAAC,CAAC,CAAC,gBAAgB;AAC3C,CAAC,CAAC,CAAC,OAAO,CAAC,WAAW,CAAC;AACvB,CAAC,CAAC,KAAK,CAAC,CAAC,CAAC,CAAC,CAAC,CAAC,CAAC,eAAe,CAAC,CAAC,CAAC,CAAC,CAAC,CAAC,CAAC;AACpC,CAAC,CAAC,CAAC,CAAC,GAAG,CAAC;AACR,CAAC,CAAC,CAAC,CAAC,CAAC,CAAC,KAAK,CAAC,IAAI,CAAC,CAAC,CAAC,KAAK,CAAC,YAAY,CAAC;AACtC,CAAC,CAAC,CAAC,CAAC,CAAC,CAAC,MAAM,CAAC;AACb,CAAC,CAAC,CAAC,CAAC,CAAC,CAAC,KAAK,CAAC,CAAC,KAAK,CAAC,CAAC;AACpB,CAAC,CAAC,CAAC,CAAC,CAAC,CAAC,MAAM,CAAC,eAAe,CAAC,KAAK,CAAC,OAAO;AAC1C,CAAC,CAAC,CAAC,CAAC;AACJ,CAAC,CAAC;AACF;;AAEA,KAAK,CAAC,YAAY,CAAC,CAAC,CAAC,WAAW,CAAC;AACjC,CAAC,CAAC,IAAI,CAAC,CAAC,CAAC,OAAO,CAAC;AACjB,CAAC,CAAC,YAAY,CAAC,CAAC;AAChB,CAAC,CAAC,CAAC,CAAC,KAAK,CAAC,CAAC,CAAC,CAAC;AACb,CAAC,CAAC,CAAC,CAAC,MAAM,CAAC,CAAC,CAAC,IAAI,CAAC,CAAC,CAAC,CAAC,CAAC,CAAC,CAAC,IAAI,CAAC,CAAC,CAAC,CAAC,CAAC,OAAO,CAAC,CAAC,CAAC,CAAC,CAAC,SAAS,CAAC,CAAC,CAAC,CAAC,CAAC,MAAM;AACjE,CAAC,CAAC,CAAC,CAAC,KAAK,CAAC,CAAC;AACX,CAAC,CAAC,CAAC;AACH,CAAC,CAAC,QAAQ,CAAC,CAAC,CAAC,CAAC;AACd,CAAC,CAAC,aAAa,CAAC,CAAC,CAAC,OAAO,CAAC,CAAC,CAAC,CAAC,CAAC;AAC9B,CAAC,CAAC,CAAC,CAAC;AACJ,CAAC,CAAC,CAAC,CAAC,CAAC,CAAC,CAAC,OAAO,CAAC,WAAW,CAAC,OAAO,CAAC,CAAC,CAAC,KAAK,CAAC,CAAC,CAAC,CAAC,CAAC;AAC/C,CAAC,CAAC,CAAC,CAAC,CAAC,CAAC,CAAC,CAAC,KAAK,CAAC,MAAM,CAAC,CAAC,CAAC,CAAC,OAAO;AAC/B,CAAC,CAAC,CAAC,CAAC,CAAC,CAAC,CAAC,CAAC,KAAK,CAAC,KAAK,CAAC,CAAC,CAAC;AACtB,CAAC,CAAC,CAAC,CAAC,CAAC,CAAC,CAAC;AACP,CAAC,CAAC,CAAC,CAAC,CAAC,CAAC,CAAC,OAAO,CAAC,WAAW,CAAC,SAAS,CAAC,CAAC,CAAC,KAAK,CAAC,CAAC,MAAM,CAAC,CAAC,CAAC,CAAC,CAAC;AACzD,CAAC,CAAC,CAAC,CAAC,CAAC,CAAC,CAAC,CAAC,KAAK,CAAC,MAAM,CAAC,CAAC,CAAC,CAAC,SAAS;AACjC,CAAC,CAAC,CAAC,CAAC,CAAC,CAAC,CAAC,CAAC,KAAK,CAAC,KAAK,CAAC,CAAC,CAAC,MAAM,CAAC;AAC7B,CAAC,CAAC,CAAC,CAAC,CAAC,CAAC,CAAC,CAAC,KAAK,CAAC,KAAK,CAAC,CAAC,CAAC;AACtB,CAAC,CAAC,CAAC,CAAC,CAAC,CAAC,CAAC;AACP,CAAC,CAAC,CAAC,CAAC,CAAC,CAAC,CAAC,OAAO,CAAC,WAAW,CAAC,QAAQ,CAAC,CAAC,CAAC,KAAK,CAAC,CAAC,MAAM,CAAC,CAAC,CAAC,CAAC,CAAC;AACxD,CAAC,CAAC,CAAC,CAAC,CAAC,CAAC,CAAC,CAAC,KAAK,CAAC,MAAM,CAAC,CAAC,CAAC,CAAC,MAAM;AAC9B,CAAC,CAAC,CAAC,CAAC,CAAC,CAAC,CAAC,CAAC,KAAK,CAAC,KAAK,CAAC,CAAC,CAAC,MAAM,CAAC;AAC7B,CAAC,CAAC,CAAC,CAAC,CAAC,CAAC,CAAC;AACP,CAAC,CAAC;AACF,CAAC;;AAED,MAAM,CAAC,OAAO,CAAC,YAAY,CAAC;"
    },
    "_coverageSchema": "1a1c01bbd47fc00a2c39e90264f33305004495a9",
    "hash": "004f26a5f66f3399eeefa4c2f2400b407b5a7df2"
  },
  "/Users/rodrigosanchez/Library/Mobile Documents/com~apple~CloudDocs/DUOC/DESARROLLO FRONTEND II_001A/Semana 9 EFT/cuidado-animal-testing-jest-cypress-/src/store/slices/vetsSlice.js": {
    "path": "/Users/rodrigosanchez/Library/Mobile Documents/com~apple~CloudDocs/DUOC/DESARROLLO FRONTEND II_001A/Semana 9 EFT/cuidado-animal-testing-jest-cypress-/src/store/slices/vetsSlice.js",
    "statementMap": {
      "0": {
        "start": {
          "line": 8,
          "column": 24
        },
        "end": {
          "line": 18,
          "column": 1
        }
      },
      "1": {
        "start": {
          "line": 11,
          "column": 4
        },
        "end": {
          "line": 16,
          "column": 5
        }
      },
      "2": {
        "start": {
          "line": 12,
          "column": 19
        },
        "end": {
          "line": 12,
          "column": 36
        }
      },
      "3": {
        "start": {
          "line": 13,
          "column": 6
        },
        "end": {
          "line": 13,
          "column": 17
        }
      },
      "4": {
        "start": {
          "line": 15,
          "column": 6
        },
        "end": {
          "line": 15,
          "column": 43
        }
      },
      "5": {
        "start": {
          "line": 20,
          "column": 18
        },
        "end": {
          "line": 44,
          "column": 2
        }
      },
      "6": {
        "start": {
          "line": 29,
          "column": 4
        },
        "end": {
          "line": 42,
          "column": 8
        }
      },
      "7": {
        "start": {
          "line": 31,
          "column": 8
        },
        "end": {
          "line": 31,
          "column": 32
        }
      },
      "8": {
        "start": {
          "line": 32,
          "column": 8
        },
        "end": {
          "line": 32,
          "column": 26
        }
      },
      "9": {
        "start": {
          "line": 35,
          "column": 8
        },
        "end": {
          "line": 35,
          "column": 34
        }
      },
      "10": {
        "start": {
          "line": 36,
          "column": 8
        },
        "end": {
          "line": 36,
          "column": 36
        }
      },
      "11": {
        "start": {
          "line": 37,
          "column": 8
        },
        "end": {
          "line": 37,
          "column": 26
        }
      },
      "12": {
        "start": {
          "line": 40,
          "column": 8
        },
        "end": {
          "line": 40,
          "column": 31
        }
      },
      "13": {
        "start": {
          "line": 41,
          "column": 8
        },
        "end": {
          "line": 41,
          "column": 36
        }
      }
    },
    "fnMap": {
      "0": {
        "name": "(anonymous_0)",
        "decl": {
          "start": {
            "line": 10,
            "column": 2
          },
          "end": {
            "line": 10,
            "column": 3
          }
        },
        "loc": {
          "start": {
            "line": 10,
            "column": 36
          },
          "end": {
            "line": 17,
            "column": 3
          }
        },
        "line": 10
      },
      "1": {
        "name": "(anonymous_1)",
        "decl": {
          "start": {
            "line": 28,
            "column": 17
          },
          "end": {
            "line": 28,
            "column": 18
          }
        },
        "loc": {
          "start": {
            "line": 28,
            "column": 30
          },
          "end": {
            "line": 43,
            "column": 3
          }
        },
        "line": 28
      },
      "2": {
        "name": "(anonymous_2)",
        "decl": {
          "start": {
            "line": 30,
            "column": 33
          },
          "end": {
            "line": 30,
            "column": 34
          }
        },
        "loc": {
          "start": {
            "line": 30,
            "column": 44
          },
          "end": {
            "line": 33,
            "column": 7
          }
        },
        "line": 30
      },
      "3": {
        "name": "(anonymous_3)",
        "decl": {
          "start": {
            "line": 34,
            "column": 35
          },
          "end": {
            "line": 34,
            "column": 36
          }
        },
        "loc": {
          "start": {
            "line": 34,
            "column": 54
          },
          "end": {
            "line": 38,
            "column": 7
          }
        },
        "line": 34
      },
      "4": {
        "name": "(anonymous_4)",
        "decl": {
          "start": {
            "line": 39,
            "column": 34
          },
          "end": {
            "line": 39,
            "column": 35
          }
        },
        "loc": {
          "start": {
            "line": 39,
            "column": 53
          },
          "end": {
            "line": 42,
            "column": 7
          }
        },
        "line": 39
      }
    },
    "branchMap": {},
    "s": {
      "0": 57,
      "1": 54,
      "2": 54,
      "3": 38,
      "4": 0,
      "5": 57,
      "6": 57,
      "7": 54,
      "8": 54,
      "9": 38,
      "10": 38,
      "11": 38,
      "12": 0,
      "13": 0
    },
    "f": {
      "0": 54,
      "1": 57,
      "2": 54,
      "3": 38,
      "4": 0
    },
    "b": {},
    "inputSourceMap": {
      "version": 3,
      "sources": [
        "/Users/rodrigosanchez/Library/Mobile Documents/com~apple~CloudDocs/DUOC/DESARROLLO FRONTEND II_001A/Semana 9 EFT/cuidado-animal-testing-jest-cypress-/src/store/slices/vetsSlice.js"
      ],
      "names": [],
      "mappings": "AAAA,MAAM,CAAC,CAAC,CAAC,WAAW,CAAC,CAAC,gBAAgB,CAAC,CAAC,CAAC,IAAI,CAAC,CAAC,CAAC,OAAO,CAAC,OAAO;AAC/D,MAAM,CAAC,CAAC,CAAC,SAAS,CAAC,CAAC,CAAC,IAAI,CAAC,CAAC,CAAC,CAAC,CAAC,CAAC,CAAC,CAAC,GAAG,CAAC,IAAI;;AAEzC,CAAC,CAAC;AACF,CAAC,CAAC,CAAC,KAAK,CAAC,KAAK,CAAC,IAAI,CAAC,MAAM,CAAC,YAAY,CAAC,GAAG,CAAC;AAC5C,CAAC,CAAC,CAAC,GAAG,CAAC,UAAU,CAAC,EAAE,CAAC,MAAM,CAAC,CAAC,CAAC,EAAE,CAAC,EAAE,CAAC;AACpC,CAAC,CAAC;AACF,MAAM,CAAC,KAAK,CAAC,QAAQ,CAAC,CAAC,CAAC,gBAAgB;AACxC,CAAC,CAAC,CAAC,IAAI,CAAC,QAAQ,CAAC;AACjB,CAAC,CAAC,KAAK,CAAC,CAAC,CAAC,CAAC,CAAC,CAAC,CAAC,eAAe,CAAC,CAAC,CAAC,CAAC,CAAC,CAAC,CAAC;AACpC,CAAC,CAAC,CAAC,CAAC,GAAG,CAAC;AACR,CAAC,CAAC,CAAC,CAAC,CAAC,CAAC,KAAK,CAAC,IAAI,CAAC,CAAC,CAAC,KAAK,CAAC,SAAS,CAAC;AACnC,CAAC,CAAC,CAAC,CAAC,CAAC,CAAC,MAAM,CAAC;AACb,CAAC,CAAC,CAAC,CAAC,CAAC,CAAC,KAAK,CAAC,CAAC,KAAK,CAAC,CAAC;AACpB,CAAC,CAAC,CAAC,CAAC,CAAC,CAAC,MAAM,CAAC,eAAe,CAAC,KAAK,CAAC,OAAO;AAC1C,CAAC,CAAC,CAAC,CAAC;AACJ,CAAC,CAAC;AACF;;AAEA,KAAK,CAAC,SAAS,CAAC,CAAC,CAAC,WAAW,CAAC;AAC9B,CAAC,CAAC,IAAI,CAAC,CAAC,CAAC,IAAI,CAAC;AACd,CAAC,CAAC,YAAY,CAAC,CAAC;AAChB,CAAC,CAAC,CAAC,CAAC,KAAK,CAAC,CAAC,CAAC,CAAC;AACb,CAAC,CAAC,CAAC,CAAC,MAAM,CAAC,CAAC,CAAC,IAAI,CAAC,CAAC,CAAC,CAAC,CAAC,CAAC,CAAC,IAAI,CAAC,CAAC,CAAC,CAAC,CAAC,OAAO,CAAC,CAAC,CAAC,CAAC,CAAC,SAAS,CAAC,CAAC,CAAC,CAAC,CAAC,MAAM;AACjE,CAAC,CAAC,CAAC,CAAC,KAAK,CAAC,CAAC;AACX,CAAC,CAAC,CAAC;AACH,CAAC,CAAC,QAAQ,CAAC,CAAC,CAAC,CAAC;AACd,CAAC,CAAC,aAAa,CAAC,CAAC,CAAC,OAAO,CAAC,CAAC,CAAC,CAAC,CAAC;AAC9B,CAAC,CAAC,CAAC,CAAC;AACJ,CAAC,CAAC,CAAC,CAAC,CAAC,CAAC,CAAC,OAAO,CAAC,QAAQ,CAAC,OAAO,CAAC,CAAC,CAAC,KAAK,CAAC,CAAC,CAAC,CAAC,CAAC;AAC5C,CAAC,CAAC,CAAC,CAAC,CAAC,CAAC,CAAC,CAAC,KAAK,CAAC,MAAM,CAAC,CAAC,CAAC,CAAC,OAAO;AAC/B,CAAC,CAAC,CAAC,CAAC,CAAC,CAAC,CAAC,CAAC,KAAK,CAAC,KAAK,CAAC,CAAC,CAAC;AACtB,CAAC,CAAC,CAAC,CAAC,CAAC,CAAC,CAAC;AACP,CAAC,CAAC,CAAC,CAAC,CAAC,CAAC,CAAC,OAAO,CAAC,QAAQ,CAAC,SAAS,CAAC,CAAC,CAAC,KAAK,CAAC,CAAC,MAAM,CAAC,CAAC,CAAC,CAAC,CAAC;AACtD,CAAC,CAAC,CAAC,CAAC,CAAC,CAAC,CAAC,CAAC,KAAK,CAAC,MAAM,CAAC,CAAC,CAAC,CAAC,SAAS;AACjC,CAAC,CAAC,CAAC,CAAC,CAAC,CAAC,CAAC,CAAC,KAAK,CAAC,KAAK,CAAC,CAAC,CAAC,MAAM,CAAC;AAC7B,CAAC,CAAC,CAAC,CAAC,CAAC,CAAC,CAAC,CAAC,KAAK,CAAC,KAAK,CAAC,CAAC,CAAC;AACtB,CAAC,CAAC,CAAC,CAAC,CAAC,CAAC,CAAC;AACP,CAAC,CAAC,CAAC,CAAC,CAAC,CAAC,CAAC,OAAO,CAAC,QAAQ,CAAC,QAAQ,CAAC,CAAC,CAAC,KAAK,CAAC,CAAC,MAAM,CAAC,CAAC,CAAC,CAAC,CAAC;AACrD,CAAC,CAAC,CAAC,CAAC,CAAC,CAAC,CAAC,CAAC,KAAK,CAAC,MAAM,CAAC,CAAC,CAAC,CAAC,MAAM;AAC9B,CAAC,CAAC,CAAC,CAAC,CAAC,CAAC,CAAC,CAAC,KAAK,CAAC,KAAK,CAAC,CAAC,CAAC,MAAM,CAAC;AAC7B,CAAC,CAAC,CAAC,CAAC,CAAC,CAAC,CAAC;AACP,CAAC,CAAC;AACF,CAAC;;AAED,MAAM,CAAC,OAAO,CAAC,SAAS,CAAC;"
    },
    "_coverageSchema": "1a1c01bbd47fc00a2c39e90264f33305004495a9",
    "hash": "7753721bcec1f8f4f8ee8940a3b6a34d06cee8af"
  },
  "/Users/rodrigosanchez/Library/Mobile Documents/com~apple~CloudDocs/DUOC/DESARROLLO FRONTEND II_001A/Semana 9 EFT/cuidado-animal-testing-jest-cypress-/src/store/slices/appointmentsSlice.js": {
    "path": "/Users/rodrigosanchez/Library/Mobile Documents/com~apple~CloudDocs/DUOC/DESARROLLO FRONTEND II_001A/Semana 9 EFT/cuidado-animal-testing-jest-cypress-/src/store/slices/appointmentsSlice.js",
    "statementMap": {
      "0": {
        "start": {
          "line": 8,
          "column": 32
        },
        "end": {
          "line": 20,
          "column": 1
        }
      },
      "1": {
        "start": {
          "line": 11,
          "column": 4
        },
        "end": {
          "line": 18,
          "column": 5
        }
      },
      "2": {
        "start": {
          "line": 12,
          "column": 19
        },
        "end": {
          "line": 12,
          "column": 48
        }
      },
      "3": {
        "start": {
          "line": 14,
          "column": 21
        },
        "end": {
          "line": 14,
          "column": 70
        }
      },
      "4": {
        "start": {
          "line": 14,
          "column": 41
        },
        "end": {
          "line": 14,
          "column": 69
        }
      },
      "5": {
        "start": {
          "line": 15,
          "column": 6
        },
        "end": {
          "line": 15,
          "column": 43
        }
      },
      "6": {
        "start": {
          "line": 17,
          "column": 6
        },
        "end": {
          "line": 17,
          "column": 43
        }
      },
      "7": {
        "start": {
          "line": 22,
          "column": 26
        },
        "end": {
          "line": 55,
          "column": 2
        }
      },
      "8": {
        "start": {
          "line": 33,
          "column": 6
        },
        "end": {
          "line": 33,
          "column": 22
        }
      },
      "9": {
        "start": {
          "line": 34,
          "column": 6
        },
        "end": {
          "line": 34,
          "column": 27
        }
      },
      "10": {
        "start": {
          "line": 35,
          "column": 6
        },
        "end": {
          "line": 35,
          "column": 30
        }
      },
      "11": {
        "start": {
          "line": 39,
          "column": 4
        },
        "end": {
          "line": 53,
          "column": 8
        }
      },
      "12": {
        "start": {
          "line": 41,
          "column": 8
        },
        "end": {
          "line": 41,
          "column": 32
        }
      },
      "13": {
        "start": {
          "line": 42,
          "column": 8
        },
        "end": {
          "line": 42,
          "column": 26
        }
      },
      "14": {
        "start": {
          "line": 45,
          "column": 8
        },
        "end": {
          "line": 45,
          "column": 34
        }
      },
      "15": {
        "start": {
          "line": 46,
          "column": 8
        },
        "end": {
          "line": 46,
          "column": 49
        }
      },
      "16": {
        "start": {
          "line": 47,
          "column": 8
        },
        "end": {
          "line": 47,
          "column": 47
        }
      },
      "17": {
        "start": {
          "line": 48,
          "column": 8
        },
        "end": {
          "line": 48,
          "column": 26
        }
      },
      "18": {
        "start": {
          "line": 51,
          "column": 8
        },
        "end": {
          "line": 51,
          "column": 31
        }
      },
      "19": {
        "start": {
          "line": 52,
          "column": 8
        },
        "end": {
          "line": 52,
          "column": 36
        }
      },
      "20": {
        "start": {
          "line": 57,
          "column": 37
        },
        "end": {
          "line": 57,
          "column": 62
        }
      }
    },
    "fnMap": {
      "0": {
        "name": "(anonymous_0)",
        "decl": {
          "start": {
            "line": 10,
            "column": 2
          },
          "end": {
            "line": 10,
            "column": 3
          }
        },
        "loc": {
          "start": {
            "line": 10,
            "column": 39
          },
          "end": {
            "line": 19,
            "column": 3
          }
        },
        "line": 10
      },
      "1": {
        "name": "(anonymous_1)",
        "decl": {
          "start": {
            "line": 14,
            "column": 31
          },
          "end": {
            "line": 14,
            "column": 32
          }
        },
        "loc": {
          "start": {
            "line": 14,
            "column": 41
          },
          "end": {
            "line": 14,
            "column": 69
          }
        },
        "line": 14
      },
      "2": {
        "name": "(anonymous_2)",
        "decl": {
          "start": {
            "line": 32,
            "column": 23
          },
          "end": {
            "line": 32,
            "column": 24
          }
        },
        "loc": {
          "start": {
            "line": 32,
            "column": 34
          },
          "end": {
            "line": 36,
            "column": 5
          }
        },
        "line": 32
      },
      "3": {
        "name": "(anonymous_3)",
        "decl": {
          "start": {
            "line": 38,
            "column": 17
          },
          "end": {
            "line": 38,
            "column": 18
          }
        },
        "loc": {
          "start": {
            "line": 38,
            "column": 30
          },
          "end": {
            "line": 54,
            "column": 3
          }
        },
        "line": 38
      },
      "4": {
        "name": "(anonymous_4)",
        "decl": {
          "start": {
            "line": 40,
            "column": 41
          },
          "end": {
            "line": 40,
            "column": 42
          }
        },
        "loc": {
          "start": {
            "line": 40,
            "column": 52
          },
          "end": {
            "line": 43,
            "column": 7
          }
        },
        "line": 40
      },
      "5": {
        "name": "(anonymous_5)",
        "decl": {
          "start": {
            "line": 44,
            "column": 43
          },
          "end": {
            "line": 44,
            "column": 44
          }
        },
        "loc": {
          "start": {
            "line": 44,
            "column": 62
          },
          "end": {
            "line": 49,
            "column": 7
          }
        },
        "line": 44
      },
      "6": {
        "name": "(anonymous_6)",
        "decl": {
          "start": {
            "line": 50,
            "column": 42
          },
          "end": {
            "line": 50,
            "column": 43
          }
        },
        "loc": {
          "start": {
            "line": 50,
            "column": 61
          },
          "end": {
            "line": 53,
            "column": 7
          }
        },
        "line": 50
      }
    },
    "branchMap": {},
    "s": {
      "0": 57,
      "1": 50,
      "2": 50,
      "3": 30,
      "4": 150,
      "5": 30,
      "6": 0,
      "7": 57,
      "8": 0,
      "9": 0,
      "10": 0,
      "11": 57,
      "12": 50,
      "13": 50,
      "14": 30,
      "15": 30,
      "16": 30,
      "17": 30,
      "18": 0,
      "19": 0,
      "20": 57
    },
    "f": {
      "0": 50,
      "1": 150,
      "2": 0,
      "3": 57,
      "4": 50,
      "5": 30,
      "6": 0
    },
    "b": {},
    "inputSourceMap": {
      "version": 3,
      "sources": [
        "/Users/rodrigosanchez/Library/Mobile Documents/com~apple~CloudDocs/DUOC/DESARROLLO FRONTEND II_001A/Semana 9 EFT/cuidado-animal-testing-jest-cypress-/src/store/slices/appointmentsSlice.js"
      ],
      "names": [],
      "mappings": "AAAA,MAAM,CAAC,CAAC,CAAC,WAAW,CAAC,CAAC,gBAAgB,CAAC,CAAC,CAAC,IAAI,CAAC,CAAC,CAAC,OAAO,CAAC,OAAO;AAC/D,MAAM,CAAC,CAAC,CAAC,iBAAiB,CAAC,CAAC,CAAC,IAAI,CAAC,CAAC,CAAC,CAAC,CAAC,CAAC,CAAC,CAAC,GAAG,CAAC,IAAI;;AAEjD,CAAC,CAAC;AACF,CAAC,CAAC,CAAC,KAAK,CAAC,KAAK,CAAC,IAAI,CAAC,MAAM,CAAC,KAAK,CAAC,GAAG,CAAC,KAAK,CAAC,GAAG,CAAC;AAC/C,CAAC,CAAC,CAAC,GAAG,CAAC,UAAU,CAAC,EAAE,CAAC,MAAM,CAAC,CAAC,CAAC,EAAE,CAAC,EAAE,CAAC;AACpC,CAAC,CAAC;AACF,MAAM,CAAC,KAAK,CAAC,gBAAgB,CAAC,CAAC,CAAC,gBAAgB;AAChD,CAAC,CAAC,CAAC,YAAY,CAAC,gBAAgB,CAAC;AACjC,CAAC,CAAC,KAAK,CAAC,CAAC,IAAI,CAAC,CAAC,CAAC,CAAC,eAAe,CAAC,CAAC,CAAC,CAAC,CAAC,CAAC,CAAC;AACvC,CAAC,CAAC,CAAC,CAAC,GAAG,CAAC;AACR,CAAC,CAAC,CAAC,CAAC,CAAC,CAAC,KAAK,CAAC,IAAI,CAAC,CAAC,CAAC,KAAK,CAAC,iBAAiB,CAAC,IAAI;AAC/C,CAAC,CAAC,CAAC,CAAC,CAAC,CAAC,CAAC,CAAC,CAAC,OAAO,CAAC,GAAG,CAAC;AACrB,CAAC,CAAC,CAAC,CAAC,CAAC,CAAC,KAAK,CAAC,MAAM,CAAC,CAAC,CAAC,IAAI,CAAC,IAAI,CAAC,CAAC,CAAC,CAAC,CAAC,CAAC,CAAC,CAAC,CAAC,CAAC,CAAC,CAAC,CAAC,IAAI,CAAC,aAAa,CAAC,CAAC,CAAC,IAAI,CAAC;AACrE,CAAC,CAAC,CAAC,CAAC,CAAC,CAAC,MAAM,CAAC,CAAC,CAAC,IAAI,CAAC,CAAC,YAAY,CAAC,CAAC,MAAM,CAAC;AAC1C,CAAC,CAAC,CAAC,CAAC,CAAC,CAAC,KAAK,CAAC,CAAC,KAAK,CAAC,CAAC;AACpB,CAAC,CAAC,CAAC,CAAC,CAAC,CAAC,MAAM,CAAC,eAAe,CAAC,KAAK,CAAC,OAAO;AAC1C,CAAC,CAAC,CAAC,CAAC;AACJ,CAAC,CAAC;AACF;;AAEA,KAAK,CAAC,iBAAiB,CAAC,CAAC,CAAC,WAAW,CAAC;AACtC,CAAC,CAAC,IAAI,CAAC,CAAC,CAAC,YAAY,CAAC;AACtB,CAAC,CAAC,YAAY,CAAC,CAAC;AAChB,CAAC,CAAC,CAAC,CAAC,KAAK,CAAC,CAAC,CAAC,CAAC;AACb,CAAC,CAAC,CAAC,CAAC,WAAW,CAAC,CAAC,IAAI;AACrB,CAAC,CAAC,CAAC,CAAC,MAAM,CAAC,CAAC,CAAC,IAAI,CAAC,CAAC,CAAC,CAAC,CAAC,CAAC,CAAC,IAAI,CAAC,CAAC,CAAC,CAAC,CAAC,OAAO,CAAC,CAAC,CAAC,CAAC,CAAC,SAAS,CAAC,CAAC,CAAC,CAAC,CAAC,MAAM;AACjE,CAAC,CAAC,CAAC,CAAC,KAAK,CAAC,CAAC;AACX,CAAC,CAAC,CAAC;AACH,CAAC,CAAC,QAAQ,CAAC,CAAC;AACZ,CAAC,CAAC,CAAC,CAAC,CAAC,CAAC,CAAC,QAAQ,CAAC,MAAM,CAAC,MAAM,CAAC,EAAE,CAAC;AACjC,CAAC,CAAC,CAAC,CAAC,iBAAiB,CAAC,CAAC,CAAC,KAAK,CAAC,CAAC,CAAC,CAAC,CAAC;AAClC,CAAC,CAAC,CAAC,CAAC,CAAC,CAAC,KAAK,CAAC,KAAK,CAAC,CAAC,CAAC,CAAC;AACrB,CAAC,CAAC,CAAC,CAAC,CAAC,CAAC,KAAK,CAAC,MAAM,CAAC,CAAC,CAAC,CAAC,IAAI;AAC1B,CAAC,CAAC,CAAC,CAAC,CAAC,CAAC,KAAK,CAAC,WAAW,CAAC,CAAC,CAAC;AAC1B,CAAC,CAAC,CAAC,CAAC;AACJ,CAAC,CAAC,CAAC;AACH,CAAC,CAAC,aAAa,CAAC,CAAC,CAAC,OAAO,CAAC,CAAC,CAAC,CAAC,CAAC;AAC9B,CAAC,CAAC,CAAC,CAAC;AACJ,CAAC,CAAC,CAAC,CAAC,CAAC,CAAC,CAAC,OAAO,CAAC,gBAAgB,CAAC,OAAO,CAAC,CAAC,CAAC,KAAK,CAAC,CAAC,CAAC,CAAC,CAAC;AACpD,CAAC,CAAC,CAAC,CAAC,CAAC,CAAC,CAAC,CAAC,KAAK,CAAC,MAAM,CAAC,CAAC,CAAC,CAAC,OAAO;AAC/B,CAAC,CAAC,CAAC,CAAC,CAAC,CAAC,CAAC,CAAC,KAAK,CAAC,KAAK,CAAC,CAAC,CAAC;AACtB,CAAC,CAAC,CAAC,CAAC,CAAC,CAAC,CAAC;AACP,CAAC,CAAC,CAAC,CAAC,CAAC,CAAC,CAAC,OAAO,CAAC,gBAAgB,CAAC,SAAS,CAAC,CAAC,CAAC,KAAK,CAAC,CAAC,MAAM,CAAC,CAAC,CAAC,CAAC,CAAC;AAC9D,CAAC,CAAC,CAAC,CAAC,CAAC,CAAC,CAAC,CAAC,KAAK,CAAC,MAAM,CAAC,CAAC,CAAC,CAAC,SAAS;AACjC,CAAC,CAAC,CAAC,CAAC,CAAC,CAAC,CAAC,CAAC,KAAK,CAAC,KAAK,CAAC,CAAC,CAAC,MAAM,CAAC,OAAO,CAAC;AACrC,CAAC,CAAC,CAAC,CAAC,CAAC,CAAC,CAAC,CAAC,KAAK,CAAC,WAAW,CAAC,CAAC,CAAC,MAAM,CAAC,OAAO,CAAC;AAC3C,CAAC,CAAC,CAAC,CAAC,CAAC,CAAC,CAAC,CAAC,KAAK,CAAC,KAAK,CAAC,CAAC,CAAC;AACtB,CAAC,CAAC,CAAC,CAAC,CAAC,CAAC,CAAC;AACP,CAAC,CAAC,CAAC,CAAC,CAAC,CAAC,CAAC,OAAO,CAAC,gBAAgB,CAAC,QAAQ,CAAC,CAAC,CAAC,KAAK,CAAC,CAAC,MAAM,CAAC,CAAC,CAAC,CAAC,CAAC;AAC7D,CAAC,CAAC,CAAC,CAAC,CAAC,CAAC,CAAC,CAAC,KAAK,CAAC,MAAM,CAAC,CAAC,CAAC,CAAC,MAAM;AAC9B,CAAC,CAAC,CAAC,CAAC,CAAC,CAAC,CAAC,CAAC,KAAK,CAAC,KAAK,CAAC,CAAC,CAAC,MAAM,CAAC;AAC7B,CAAC,CAAC,CAAC,CAAC,CAAC,CAAC,CAAC;AACP,CAAC,CAAC;AACF,CAAC;;AAED,MAAM,CAAC,KAAK,CAAC,CAAC,CAAC,iBAAiB,CAAC,CAAC,CAAC,CAAC,CAAC,iBAAiB,CAAC;AACvD,MAAM,CAAC,OAAO,CAAC,iBAAiB,CAAC;"
    },
    "_coverageSchema": "1a1c01bbd47fc00a2c39e90264f33305004495a9",
    "hash": "c5b46c8ba4da60f085523d45101f9d152f32c7f4"
  },
  "/Users/rodrigosanchez/Library/Mobile Documents/com~apple~CloudDocs/DUOC/DESARROLLO FRONTEND II_001A/Semana 9 EFT/cuidado-animal-testing-jest-cypress-/src/store/slices/index.js": {
    "path": "/Users/rodrigosanchez/Library/Mobile Documents/com~apple~CloudDocs/DUOC/DESARROLLO FRONTEND II_001A/Semana 9 EFT/cuidado-animal-testing-jest-cypress-/src/store/slices/index.js",
    "statementMap": {},
    "fnMap": {},
    "branchMap": {},
    "s": {},
    "f": {},
    "b": {},
    "inputSourceMap": {
      "version": 3,
      "sources": [
        "/Users/rodrigosanchez/Library/Mobile Documents/com~apple~CloudDocs/DUOC/DESARROLLO FRONTEND II_001A/Semana 9 EFT/cuidado-animal-testing-jest-cypress-/src/store/slices/index.js"
      ],
      "names": [],
      "mappings": "AAAA,MAAM,CAAC,CAAC,CAAC,OAAO,CAAC,EAAE,CAAC,WAAW,CAAC,CAAC,QAAQ,CAAC,CAAC,CAAC,IAAI,CAAC,CAAC,CAAC,CAAC,SAAS;AAC7D,MAAM,CAAC,CAAC,CAAC,OAAO,CAAC,EAAE,CAAC,cAAc,CAAC,CAAC,WAAW,CAAC,CAAC,CAAC,IAAI,CAAC,CAAC,CAAC,CAAC,YAAY;AACtE,MAAM,CAAC,CAAC,CAAC,OAAO,CAAC,EAAE,CAAC,WAAW,CAAC,CAAC,QAAQ,CAAC,CAAC,CAAC,IAAI,CAAC,CAAC,CAAC,CAAC,SAAS;AAC7D,MAAM,CAAC,CAAC,CAAC,OAAO,CAAC,EAAE,CAAC,mBAAmB,CAAC,CAAC,gBAAgB,CAAC,CAAC,iBAAiB,CAAC,CAAC,CAAC,IAAI,CAAC,CAAC,CAAC,CAAC,iBAAiB;"
    },
    "_coverageSchema": "1a1c01bbd47fc00a2c39e90264f33305004495a9",
    "hash": "e926e3c0d825a6168ea86a25ae96060d7eecb451"
  },
  "/Users/rodrigosanchez/Library/Mobile Documents/com~apple~CloudDocs/DUOC/DESARROLLO FRONTEND II_001A/Semana 9 EFT/cuidado-animal-testing-jest-cypress-/src/store/store.js": {
    "path": "/Users/rodrigosanchez/Library/Mobile Documents/com~apple~CloudDocs/DUOC/DESARROLLO FRONTEND II_001A/Semana 9 EFT/cuidado-animal-testing-jest-cypress-/src/store/store.js",
    "statementMap": {
      "0": {
        "start": {
          "line": 21,
          "column": 21
        },
        "end": {
          "line": 29,
          "column": 2
        }
      }
    },
    "fnMap": {},
    "branchMap": {},
    "s": {
      "0": 57
    },
    "f": {},
    "b": {},
    "inputSourceMap": {
      "version": 3,
      "sources": [
        "/Users/rodrigosanchez/Library/Mobile Documents/com~apple~CloudDocs/DUOC/DESARROLLO FRONTEND II_001A/Semana 9 EFT/cuidado-animal-testing-jest-cypress-/src/store/store.js"
      ],
      "names": [],
      "mappings": "AAAA,MAAM,CAAC,CAAC,CAAC,cAAc,CAAC,CAAC,CAAC,IAAI,CAAC,CAAC,CAAC,OAAO,CAAC,OAAO;AAChD,MAAM,CAAC,CAAC;AACR,CAAC,CAAC,WAAW,CAAC;AACd,CAAC,CAAC,cAAc,CAAC;AACjB,CAAC,CAAC,WAAW,CAAC;AACd,CAAC,CAAC,mBAAmB;AACrB,CAAC,CAAC,IAAI,CAAC,CAAC,CAAC,CAAC,MAAM;;AAEhB,CAAC,CAAC;AACF,CAAC,CAAC,CAAC,KAAK,CAAC,KAAK,CAAC,CAAC,CAAC,MAAM,CAAC,MAAM,CAAC,EAAE,CAAC,EAAE,CAAC,QAAQ,CAAC;AAC9C,CAAC,CAAC;AACF,CAAC,CAAC,CAAC,MAAM;AACT,CAAC,CAAC,CAAC,CAAC,CAAC,IAAI,CAAC,CAAC,QAAQ,CAAC,CAAC,QAAQ,CAAC,GAAG,CAAC,OAAO;AACzC,CAAC,CAAC,CAAC,CAAC,CAAC,OAAO,CAAC,CAAC,QAAQ,CAAC,CAAC,QAAQ,CAAC,GAAG,CAAC,IAAI;AACzC,CAAC,CAAC,CAAC,CAAC,CAAC,IAAI,CAAC,CAAC,YAAY,CAAC,CAAC,QAAQ,CAAC,GAAG,CAAC,IAAI;AAC1C,CAAC,CAAC,CAAC,CAAC,CAAC,YAAY,CAAC,CAAC,KAAK,CAAC,GAAG,CAAC,KAAK,CAAC,CAAC,QAAQ,CAAC,GAAG,CAAC,IAAI;AACrD,CAAC,CAAC;AACF,CAAC,CAAC,CAAC,KAAK,CAAC,GAAG,CAAC,UAAU,CAAC,GAAG,CAAC,aAAa,CAAC,GAAG,CAAC,GAAG,CAAC,EAAE,CAAC,EAAE,CAAC,SAAS;AACjE,CAAC,CAAC,CAAC,EAAE,CAAC,GAAG,CAAC,QAAQ,CAAC,OAAO,CAAC,CAAC,CAAC,IAAI,CAAC,QAAQ,CAAC,GAAG,CAAC,CAAC,GAAG,CAAC,GAAG,CAAC,GAAG;AAC3D,CAAC,CAAC;AACF,MAAM,CAAC,KAAK,CAAC,KAAK,CAAC,CAAC,CAAC,cAAc,CAAC;AACpC,CAAC,CAAC,OAAO,CAAC,CAAC;AACX,CAAC,CAAC,CAAC,CAAC,IAAI,CAAC,CAAC,WAAW;AACrB,CAAC,CAAC,CAAC,CAAC,OAAO,CAAC,CAAC,cAAc;AAC3B,CAAC,CAAC,CAAC,CAAC,IAAI,CAAC,CAAC,WAAW;AACrB,CAAC,CAAC,CAAC,CAAC,YAAY,CAAC,CAAC;AAClB,CAAC,CAAC,CAAC;AACH,CAAC,CAAC,QAAQ,CAAC,CAAC,MAAM,CAAC,IAAI,CAAC,GAAG,CAAC;AAC5B,CAAC;;AAED,CAAC,CAAC,CAAC,KAAK,CAAC,IAAI,CAAC,UAAU,CAAC,CAAC,QAAQ,CAAC,CAAC,CAAC,GAAG,CAAC,IAAI,CAAC,cAAc;AAC5D,CAAC,CAAC,CAAC,CAAC,CAAC,OAAO,CAAC,CAAC,UAAU,CAAC,MAAM,CAAC,KAAK,CAAC,QAAQ,CAAC,CAAC,CAAC,SAAS,CAAC,CAAC;AAC5D,CAAC,CAAC,CAAC,CAAC,CAAC,OAAO,CAAC,CAAC,MAAM,CAAC,KAAK,CAAC,QAAQ,CAAC,CAAC,WAAW,CAAC,CAAC;"
    },
    "_coverageSchema": "1a1c01bbd47fc00a2c39e90264f33305004495a9",
    "hash": "101c914a13aef345011cd8f2a6f7054fccec9e4c"
  },
  "/Users/rodrigosanchez/Library/Mobile Documents/com~apple~CloudDocs/DUOC/DESARROLLO FRONTEND II_001A/Semana 9 EFT/cuidado-animal-testing-jest-cypress-/src/store/index.js": {
    "path": "/Users/rodrigosanchez/Library/Mobile Documents/com~apple~CloudDocs/DUOC/DESARROLLO FRONTEND II_001A/Semana 9 EFT/cuidado-animal-testing-jest-cypress-/src/store/index.js",
    "statementMap": {},
    "fnMap": {},
    "branchMap": {},
    "s": {},
    "f": {},
    "b": {},
    "inputSourceMap": {
      "version": 3,
      "sources": [
        "/Users/rodrigosanchez/Library/Mobile Documents/com~apple~CloudDocs/DUOC/DESARROLLO FRONTEND II_001A/Semana 9 EFT/cuidado-animal-testing-jest-cypress-/src/store/index.js"
      ],
      "names": [],
      "mappings": "AAAA,MAAM,CAAC,CAAC,CAAC,KAAK,CAAC,CAAC,CAAC,IAAI,CAAC,CAAC,CAAC,CAAC,KAAK;AAC9B,MAAM,CAAC,CAAC;AACR,CAAC,CAAC,QAAQ,CAAC;AACX,CAAC,CAAC,WAAW,CAAC;AACd,CAAC,CAAC,QAAQ,CAAC;AACX,CAAC,CAAC,gBAAgB;AAClB,CAAC,CAAC,iBAAiB;AACnB,CAAC,CAAC,IAAI,CAAC,CAAC,CAAC,CAAC,MAAM;"
    },
    "_coverageSchema": "1a1c01bbd47fc00a2c39e90264f33305004495a9",
    "hash": "a5765cf9e984eba2ce057a07468908a9c72b2357"
  },
  "/Users/rodrigosanchez/Library/Mobile Documents/com~apple~CloudDocs/DUOC/DESARROLLO FRONTEND II_001A/Semana 9 EFT/cuidado-animal-testing-jest-cypress-/src/components/Sidebar.jsx": {
    "path": "/Users/rodrigosanchez/Library/Mobile Documents/com~apple~CloudDocs/DUOC/DESARROLLO FRONTEND II_001A/Semana 9 EFT/cuidado-animal-testing-jest-cypress-/src/components/Sidebar.jsx",
    "statementMap": {
      "0": {
        "start": {
          "line": 11,
          "column": 19
        },
        "end": {
          "line": 17,
          "column": 1
        }
      },
      "1": {
        "start": {
          "line": 19,
          "column": 2
        },
        "end": {
          "line": 160,
          "column": 11
        }
      },
      "2": {
        "start": {
          "line": 93,
          "column": 38
        },
        "end": {
          "line": 119,
          "column": 13
        }
      },
      "3": {
        "start": {
          "line": 98,
          "column": 45
        },
        "end": {
          "line": 101,
          "column": 15
        }
      },
      "4": {
        "start": {
          "line": 162,
          "column": 0
        },
        "end": {
          "line": 162,
          "column": 13
        }
      },
      "5": {
        "start": {
          "line": 164,
          "column": 0
        },
        "end": {
          "line": 164,
          "column": 28
        }
      },
      "6": {
        "start": {
          "line": 166,
          "column": 20
        },
        "end": {
          "line": 166,
          "column": 97
        }
      },
      "7": {
        "start": {
          "line": 167,
          "column": 0
        },
        "end": {
          "line": 181,
          "column": 1
        }
      },
      "8": {
        "start": {
          "line": 168,
          "column": 2
        },
        "end": {
          "line": 172,
          "column": 3
        }
      },
      "9": {
        "start": {
          "line": 169,
          "column": 4
        },
        "end": {
          "line": 171,
          "column": 6
        }
      },
      "10": {
        "start": {
          "line": 173,
          "column": 2
        },
        "end": {
          "line": 180,
          "column": 5
        }
      },
      "11": {
        "start": {
          "line": 174,
          "column": 4
        },
        "end": {
          "line": 174,
          "column": 246
        }
      },
      "12": {
        "start": {
          "line": 175,
          "column": 4
        },
        "end": {
          "line": 179,
          "column": 7
        }
      },
      "13": {
        "start": {
          "line": 176,
          "column": 6
        },
        "end": {
          "line": 176,
          "column": 31
        }
      },
      "14": {
        "start": {
          "line": 176,
          "column": 24
        },
        "end": {
          "line": 176,
          "column": 31
        }
      },
      "15": {
        "start": {
          "line": 177,
          "column": 32
        },
        "end": {
          "line": 177,
          "column": 295
        }
      },
      "16": {
        "start": {
          "line": 178,
          "column": 6
        },
        "end": {
          "line": 178,
          "column": 75
        }
      },
      "17": {
        "start": {
          "line": 178,
          "column": 29
        },
        "end": {
          "line": 178,
          "column": 75
        }
      },
      "18": {
        "start": {
          "line": 183,
          "column": 2
        },
        "end": {
          "line": 183,
          "column": 225
        }
      },
      "19": {
        "start": {
          "line": 186,
          "column": 2
        },
        "end": {
          "line": 186,
          "column": 62
        }
      }
    },
    "fnMap": {
      "0": {
        "name": "Sidebar",
        "decl": {
          "start": {
            "line": 18,
            "column": 16
          },
          "end": {
            "line": 18,
            "column": 23
          }
        },
        "loc": {
          "start": {
            "line": 18,
            "column": 45
          },
          "end": {
            "line": 161,
            "column": 1
          }
        },
        "line": 18
      },
      "1": {
        "name": "(anonymous_1)",
        "decl": {
          "start": {
            "line": 93,
            "column": 12
          },
          "end": {
            "line": 93,
            "column": 13
          }
        },
        "loc": {
          "start": {
            "line": 93,
            "column": 38
          },
          "end": {
            "line": 119,
            "column": 13
          }
        },
        "line": 93
      },
      "2": {
        "name": "(anonymous_2)",
        "decl": {
          "start": {
            "line": 98,
            "column": 27
          },
          "end": {
            "line": 98,
            "column": 28
          }
        },
        "loc": {
          "start": {
            "line": 98,
            "column": 45
          },
          "end": {
            "line": 101,
            "column": 15
          }
        },
        "line": 98
      },
      "3": {
        "name": "(anonymous_3)",
        "decl": {
          "start": {
            "line": 173,
            "column": 52
          },
          "end": {
            "line": 173,
            "column": 53
          }
        },
        "loc": {
          "start": {
            "line": 173,
            "column": 72
          },
          "end": {
            "line": 180,
            "column": 3
          }
        },
        "line": 173
      },
      "4": {
        "name": "(anonymous_4)",
        "decl": {
          "start": {
            "line": 175,
            "column": 27
          },
          "end": {
            "line": 175,
            "column": 28
          }
        },
        "loc": {
          "start": {
            "line": 175,
            "column": 44
          },
          "end": {
            "line": 179,
            "column": 5
          }
        },
        "line": 175
      },
      "5": {
        "name": "$RefreshReg$",
        "decl": {
          "start": {
            "line": 182,
            "column": 9
          },
          "end": {
            "line": 182,
            "column": 21
          }
        },
        "loc": {
          "start": {
            "line": 182,
            "column": 32
          },
          "end": {
            "line": 184,
            "column": 1
          }
        },
        "line": 182
      },
      "6": {
        "name": "$RefreshSig$",
        "decl": {
          "start": {
            "line": 185,
            "column": 9
          },
          "end": {
            "line": 185,
            "column": 21
          }
        },
        "loc": {
          "start": {
            "line": 185,
            "column": 24
          },
          "end": {
            "line": 187,
            "column": 1
          }
        },
        "line": 185
      }
    },
    "branchMap": {
      "0": {
        "loc": {
          "start": {
            "line": 20,
            "column": 4
          },
          "end": {
            "line": 34,
            "column": 5
          }
        },
        "type": "binary-expr",
        "locations": [
          {
            "start": {
              "line": 20,
              "column": 4
            },
            "end": {
              "line": 20,
              "column": 10
            }
          },
          {
            "start": {
              "line": 20,
              "column": 30
            },
            "end": {
              "line": 34,
              "column": 5
            }
          }
        ],
        "line": 20
      },
      "1": {
        "loc": {
          "start": {
            "line": 43,
            "column": 12
          },
          "end": {
            "line": 43,
            "column": 58
          }
        },
        "type": "cond-expr",
        "locations": [
          {
            "start": {
              "line": 43,
              "column": 21
            },
            "end": {
              "line": 43,
              "column": 36
            }
          },
          {
            "start": {
              "line": 43,
              "column": 39
            },
            "end": {
              "line": 43,
              "column": 58
            }
          }
        ],
        "line": 43
      },
      "2": {
        "loc": {
          "start": {
            "line": 100,
            "column": 18
          },
          "end": {
            "line": 100,
            "column": 159
          }
        },
        "type": "cond-expr",
        "locations": [
          {
            "start": {
              "line": 100,
              "column": 29
            },
            "end": {
              "line": 100,
              "column": 80
            }
          },
          {
            "start": {
              "line": 100,
              "column": 83
            },
            "end": {
              "line": 100,
              "column": 159
            }
          }
        ],
        "line": 100
      },
      "3": {
        "loc": {
          "start": {
            "line": 166,
            "column": 20
          },
          "end": {
            "line": 166,
            "column": 97
          }
        },
        "type": "binary-expr",
        "locations": [
          {
            "start": {
              "line": 166,
              "column": 20
            },
            "end": {
              "line": 166,
              "column": 60
            }
          },
          {
            "start": {
              "line": 166,
              "column": 64
            },
            "end": {
              "line": 166,
              "column": 97
            }
          }
        ],
        "line": 166
      },
      "4": {
        "loc": {
          "start": {
            "line": 167,
            "column": 0
          },
          "end": {
            "line": 181,
            "column": 1
          }
        },
        "type": "if",
        "locations": [
          {
            "start": {
              "line": 167,
              "column": 0
[...]
        }
      },
      "35": {
        "start": {
          "line": 79,
          "column": 4
        },
        "end": {
          "line": 81,
          "column": 5
        }
      },
      "36": {
        "start": {
          "line": 80,
          "column": 6
        },
        "end": {
          "line": 80,
          "column": 64
        }
      },
      "37": {
        "start": {
          "line": 80,
          "column": 38
        },
        "end": {
          "line": 80,
          "column": 63
        }
      },
      "38": {
        "start": {
          "line": 83,
          "column": 4
        },
        "end": {
          "line": 85,
          "column": 5
        }
      },
      "39": {
        "start": {
          "line": 84,
          "column": 6
        },
        "end": {
          "line": 84,
          "column": 66
        }
      },
      "40": {
        "start": {
          "line": 84,
          "column": 38
        },
        "end": {
          "line": 84,
          "column": 65
        }
      },
      "41": {
        "start": {
          "line": 87,
          "column": 4
        },
        "end": {
          "line": 89,
          "column": 6
        }
      },
      "42": {
        "start": {
          "line": 93,
          "column": 2
        },
        "end": {
          "line": 95,
          "column": 21
        }
      },
      "43": {
        "start": {
          "line": 98,
          "column": 24
        },
        "end": {
          "line": 98,
          "column": 57
        }
      }
    },
    "fnMap": {
      "0": {
        "name": "(anonymous_0)",
        "decl": {
          "start": {
            "line": 7,
            "column": 27
          },
          "end": {
            "line": 7,
            "column": 28
          }
        },
        "loc": {
          "start": {
            "line": 7,
            "column": 33
          },
          "end": {
            "line": 10,
            "column": 3
          }
        },
        "line": 7
      },
      "1": {
        "name": "(anonymous_1)",
        "decl": {
          "start": {
            "line": 13,
            "column": 24
          },
          "end": {
            "line": 13,
            "column": 25
          }
        },
        "loc": {
          "start": {
            "line": 13,
            "column": 30
          },
          "end": {
            "line": 16,
            "column": 3
          }
        },
        "line": 13
      },
      "2": {
        "name": "(anonymous_2)",
        "decl": {
          "start": {
            "line": 19,
            "column": 24
          },
          "end": {
            "line": 19,
            "column": 25
          }
        },
        "loc": {
          "start": {
            "line": 19,
            "column": 30
          },
          "end": {
            "line": 22,
            "column": 3
          }
        },
        "line": 19
      },
      "3": {
        "name": "(anonymous_3)",
        "decl": {
          "start": {
            "line": 25,
            "column": 32
          },
          "end": {
            "line": 25,
            "column": 33
          }
        },
        "loc": {
          "start": {
            "line": 25,
            "column": 49
          },
          "end": {
            "line": 43,
            "column": 3
          }
        },
        "line": 25
      },
      "4": {
        "name": "(anonymous_4)",
        "decl": {
          "start": {
            "line": 35,
            "column": 33
          },
          "end": {
            "line": 35,
            "column": 34
          }
        },
        "loc": {
          "start": {
            "line": 35,
            "column": 38
          },
          "end": {
            "line": 35,
            "column": 53
          }
        },
        "line": 35
      },
      "5": {
        "name": "(anonymous_5)",
        "decl": {
          "start": {
            "line": 39,
            "column": 33
          },
          "end": {
            "line": 39,
            "column": 34
          }
        },
        "loc": {
          "start": {
            "line": 39,
            "column": 38
          },
          "end": {
            "line": 39,
            "column": 55
          }
        },
        "line": 39
      },
      "6": {
        "name": "(anonymous_6)",
        "decl": {
          "start": {
            "line": 47,
            "column": 45
          },
          "end": {
            "line": 47,
            "column": 46
          }
        },
        "loc": {
          "start": {
            "line": 47,
            "column": 68
          },
          "end": {
            "line": 96,
            "column": 1
          }
        },
        "line": 47
      },
      "7": {
        "name": "(anonymous_7)",
        "decl": {
          "start": {
            "line": 80,
            "column": 33
          },
          "end": {
            "line": 80,
            "column": 34
          }
        },
        "loc": {
          "start": {
            "line": 80,
            "column": 38
          },
          "end": {
            "line": 80,
            "column": 63
          }
        },
        "line": 80
      },
      "8": {
        "name": "(anonymous_8)",
        "decl": {
          "start": {
            "line": 84,
            "column": 33
          },
          "end": {
            "line": 84,
            "column": 34
          }
        },
        "loc": {
          "start": {
            "line": 84,
            "column": 38
          },
          "end": {
            "line": 84,
            "column": 65
          }
        },
        "line": 84
      }
    },
    "branchMap": {
      "0": {
        "loc": {
          "start": {
            "line": 34,
            "column": 4
          },
          "end": {
            "line": 36,
            "column": 5
          }
        },
        "type": "if",
        "locations": [
          {
            "start": {
              "line": 34,
              "column": 4
            },
            "end": {
              "line": 36,
              "column": 5
            }
          },
          {
            "start": {},
            "end": {}
          }
        ],
        "line": 34
      },
      "1": {
        "loc": {
          "start": {
            "line": 38,
            "column": 4
          },
          "end": {
            "line": 40,
            "column": 5
          }
        },
        "type": "if",
        "locations": [
          {
            "start": {
              "line": 38,
              "column": 4
            },
            "end": {
              "line": 40,
              "column": 5
            }
          },
          {
            "start": {},
            "end": {}
          }
        ],
        "line": 38
      },
      "2": {
        "loc": {
          "start": {
            "line": 49,
            "column": 17
          },
          "end": {
            "line": 49,
            "column": 31
          }
        },
        "type": "default-arg",
        "locations": [
          {
            "start": {
              "line": 49,
              "column": 29
            },
            "end": {
              "line": 49,
              "column": 31
            }
          }
        ],
        "line": 49
      },
      "3": {
        "loc": {
          "start": {
            "line": 54,
            "column": 2
          },
          "end": {
            "line": 59,
            "column": 3
          }
        },
        "type": "if",
        "locations": [
          {
            "start": {
              "line": 54,
              "column": 2
            },
            "end": {
              "line": 59,
              "column": 3
            }
          },
          {
            "start": {},
            "end": {}
          }
        ],
        "line": 54
      },
      "4": {
        "loc": {
          "start": {
            "line": 61,
            "column": 2
          },
          "end": {
            "line": 66,
            "column": 3
          }
        },
        "type": "if",
        "locations": [
          {
            "start": {
              "line": 61,
              "column": 2
            },
            "end": {
              "line": 66,
              "column": 3
            }
          },
          {
            "start": {},
            "end": {}
          }
        ],
        "line": 61
      },
      "5": {
        "loc": {
          "start": {
            "line": 68,
            "column": 2
          },
          "end": {
            "line": 73,
            "column": 3
          }
        },
        "type": "if",
        "locations": [
          {
            "start": {
              "line": 68,
              "column": 2
            },
            "end": {
              "line": 73,
              "column": 3
            }
          },
          {
            "start": {},
            "end": {}
          }
        ],
        "line": 68
      },
      "6": {
        "loc": {
          "start": {
            "line": 75,
            "column": 2
          },
          "end": {
            "line": 90,
            "column": 3
          }
        },
        "type": "if",
        "locations": [
          {
            "start": {
              "line": 75,
              "column": 2
            },
            "end": {
              "line": 90,
              "column": 3
            }
          },
          {
            "start": {},
            "end": {}
          }
        ],
        "line": 75
      },
      "7": {
        "loc": {
          "start": {
            "line": 79,
            "column": 4
          },
          "end": {
            "line": 81,
            "column": 5
          }
        },
        "type": "if",
        "locations": [
          {
            "start": {
              "line": 79,
              "column": 4
            },
            "end": {
              "line": 81,
              "column": 5
            }
          },
          {
            "start": {},
            "end": {}
          }
        ],
        "line": 79
      },
      "8": {
        "loc": {
          "start": {
            "line": 83,
            "column": 4
          },
          "end": {
            "line": 85,
            "column": 5
          }
        },
        "type": "if",
        "locations": [
          {
            "start": {
              "line": 83,
              "column": 4
            },
            "end": {
              "line": 85,
              "column": 5
            }
          },
          {
            "start": {},
            "end": {}
          }
        ],
        "line": 83
      }
    },
    "s": {
      "0": 56,
      "1": 50,
      "2": 50,
      "3": 0,
      "4": 0,
      "5": 54,
      "6": 54,
      "7": 60,
      "8": 60,
      "9": 60,
      "10": 60,
      "11": 60,
      "12": 60,
      "13": 60,
      "14": 4200,
      "15": 60,
      "16": 10,
      "17": 60,
      "18": 60,
      "19": 56,
      "20": 68,
      "21": 46,
      "22": 46,
      "23": 46,
      "24": 46,
      "25": 46,
      "26": 0,
      "27": 0,
      "28": 0,
      "29": 0,
      "30": 0,
      "31": 0,
      "32": 0,
      "33": 0,
      "34": 0,
      "35": 0,
      "36": 0,
      "37": 0,
      "38": 0,
      "39": 0,
      "40": 0,
      "41": 0,
      "42": 0,
      "43": 56
    },
    "f": {
      "0": 50,
      "1": 0,
      "2": 54,
      "3": 60,
      "4": 4200,
      "5": 60,
      "6": 68,
      "7": 0,
      "8": 0
    },
    "b": {
      "0": [
        60,
        0
      ],
      "1": [
        10,
        50
      ],
      "2": [
        0
      ],
      "3": [
        46,
        0
      ],
      "4": [
        0,
        0
      ],
      "5": [
        0,
        0
      ],
      "6": [
        0,
        0
      ],
      "7": [
        0,
        0
      ],
      "8": [
        0,
        0
      ]
    },
    "inputSourceMap": {
      "version": 3,
      "sources": [
        "/Users/rodrigosanchez/Library/Mobile Documents/com~apple~CloudDocs/DUOC/DESARROLLO FRONTEND II_001A/Semana 9 EFT/cuidado-animal-testing-jest-cypress-/src/mocks/handlers.js"
      ],
      "names": [],
      "mappings": "AAAA,MAAM,CAAC,CAAC,CAAC,IAAI,CAAC,CAAC,YAAY,CAAC,CAAC,CAAC,IAAI,CAAC,CAAC,GAAG;AACvC,MAAM,CAAC,CAAC,CAAC,OAAO,CAAC,CAAC,IAAI,CAAC,CAAC,IAAI,CAAC,CAAC,YAAY,CAAC,CAAC,CAAC,IAAI,CAAC,CAAC,CAAC,CAAC,IAAI;;AAEzD,CAAC,CAAC,CAAC,IAAI,CAAC,GAAG,CAAC;AACZ,KAAK,CAAC,YAAY,CAAC,CAAC,CAAC;AACrB,CAAC,CAAC,CAAC,CAAC,CAAC,GAAG,CAAC,CAAC,GAAG,CAAC;AACd,CAAC,CAAC,IAAI,CAAC,GAAG,CAAC,CAAC,CAAC,GAAG,CAAC,OAAO,CAAC,CAAC,CAAC,CAAC,CAAC,CAAC,CAAC,CAAC,CAAC;AACjC,CAAC,CAAC,CAAC,CAAC,OAAO,CAAC,GAAG,CAAC,CAAC,CAAC,CAAC,CAAC,GAAG,CAAC,CAAC,GAAG,CAAC,CAAC,GAAG,CAAC,OAAO,CAAC;AAC1C,CAAC,CAAC,CAAC,CAAC,MAAM,CAAC,YAAY,CAAC,IAAI,CAAC,OAAO;AACpC,CAAC,CAAC,CAAC,CAAC;;AAEJ,CAAC,CAAC,CAAC,CAAC,CAAC,GAAG,CAAC,CAAC,GAAG,CAAC;AACd,CAAC,CAAC,IAAI,CAAC,GAAG,CAAC,CAAC,CAAC,GAAG,CAAC,IAAI,CAAC,CAAC,CAAC,CAAC,CAAC,CAAC,CAAC,CAAC,CAAC;AAC9B,CAAC,CAAC,CAAC,CAAC,OAAO,CAAC,GAAG,CAAC,CAAC,CAAC,CAAC,CAAC,GAAG,CAAC,CAAC,GAAG,CAAC,CAAC,GAAG,CAAC,IAAI,CAAC;AACvC,CAAC,CAAC,CAAC,CAAC,MAAM,CAAC,YAAY,CAAC,IAAI,CAAC,IAAI;AACjC,CAAC,CAAC,CAAC,CAAC;;AAEJ,CAAC,CAAC,CAAC,CAAC,CAAC,GAAG,CAAC,CAAC,GAAG,CAAC;AACd,CAAC,CAAC,IAAI,CAAC,GAAG,CAAC,CAAC,CAAC,GAAG,CAAC,IAAI,CAAC,CAAC,CAAC,CAAC,CAAC,CAAC,CAAC,CAAC,CAAC;AAC9B,CAAC,CAAC,CAAC,CAAC,OAAO,CAAC,GAAG,CAAC,CAAC,CAAC,CAAC,CAAC,GAAG,CAAC,CAAC,GAAG,CAAC,CAAC,GAAG,CAAC,IAAI,CAAC;AACvC,CAAC,CAAC,CAAC,CAAC,MAAM,CAAC,YAAY,CAAC,IAAI,CAAC,IAAI;AACjC,CAAC,CAAC,CAAC,CAAC;;AAEJ,CAAC,CAAC,CAAC,CAAC,CAAC,GAAG,CAAC,CAAC,GAAG,CAAC,YAAY,CAAC,CAAC,CAAC,IAAI,CAAC,IAAI,CAAC,GAAG,CAAC,QAAQ,CAAC,KAAK,CAAC;AAC1D,CAAC,CAAC,IAAI,CAAC,GAAG,CAAC,CAAC,CAAC,GAAG,CAAC,YAAY,CAAC,CAAC,CAAC,CAAC,CAAC,CAAC,OAAO,CAAC,CAAC,CAAC,CAAC,CAAC,CAAC,CAAC;AACjD,CAAC,CAAC,CAAC,CAAC,KAAK,CAAC,GAAG,CAAC,CAAC,CAAC,GAAG,CAAC,GAAG,CAAC,OAAO,CAAC,GAAG;AACnC,CAAC,CAAC,CAAC,CAAC,KAAK,CAAC,IAAI,CAAC,CAAC,CAAC,GAAG,CAAC,YAAY,CAAC,GAAG,CAAC,CAAC,IAAI,CAAC;AAC5C,CAAC,CAAC,CAAC,CAAC,KAAK,CAAC,KAAK,CAAC,CAAC,CAAC,GAAG,CAAC,YAAY,CAAC,GAAG,CAAC,CAAC,KAAK,CAAC;AAC9C,CAAC,CAAC,CAAC;AACH,CAAC,CAAC,CAAC,CAAC,OAAO,CAAC,GAAG,CAAC,CAAC,CAAC,CAAC,CAAC,GAAG,CAAC,CAAC,GAAG,CAAC,CAAC,GAAG,CAAC,YAAY,CAAC,CAAC,CAAC,CAAC,CAAC,IAAI,CAAC,CAAC,KAAK,CAAC,CAAC;AAChE,CAAC,CAAC,CAAC;AACH,CAAC,CAAC,CAAC,CAAC,GAAG,CAAC,QAAQ,CAAC,CAAC,CAAC;AACnB,CAAC,CAAC,CAAC;AACH,CAAC,CAAC,CAAC,CAAC,EAAE,CAAC,CAAC,IAAI,CAAC,CAAC;AACd,CAAC,CAAC,CAAC,CAAC,CAAC,CAAC,QAAQ,CAAC,CAAC,CAAC,QAAQ,CAAC,MAAM,CAAC,CAAC,CAAC,CAAC,CAAC,CAAC,CAAC,CAAC,IAAI,CAAC,CAAC,CAAC,CAAC,CAAC,IAAI;AACrD,CAAC,CAAC,CAAC,CAAC;AACJ,CAAC,CAAC,CAAC;AACH,CAAC,CAAC,CAAC,CAAC,EAAE,CAAC,CAAC,KAAK,CAAC,CAAC;AACf,CAAC,CAAC,CAAC,CAAC,CAAC,CAAC,QAAQ,CAAC,CAAC,CAAC,QAAQ,CAAC,MAAM,CAAC,CAAC,CAAC,CAAC,CAAC,CAAC,CAAC,CAAC,KAAK,CAAC,CAAC,CAAC,CAAC,CAAC,KAAK;AACvD,CAAC,CAAC,CAAC,CAAC;AACJ,CAAC,CAAC,CAAC;AACH,CAAC,CAAC,CAAC,CAAC,MAAM,CAAC,YAAY,CAAC,IAAI,CAAC,QAAQ;AACrC,CAAC,CAAC,CAAC,CAAC;AACJ;;AAEA,CAAC,CAAC,CAAC,OAAO,CAAC,OAAO,CAAC,CAAC,CAAC,UAAU,CAAC,IAAI,CAAC,CAAC;AACtC,KAAK,CAAC,cAAc,CAAC,CAAC,CAAC,IAAI,CAAC,IAAI,CAAC,CAAC,CAAC,OAAO,CAAC,CAAC,CAAC,KAAK,CAAC,CAAC,CAAC,CAAC,OAAO,CAAC,CAAC,CAAC,CAAC,CAAC,CAAC,CAAC;AACpE,CAAC,CAAC,KAAK,CAAC,IAAI,CAAC,CAAC,CAAC,KAAK,CAAC,OAAO,CAAC,IAAI,CAAC;AAClC,CAAC,CAAC,KAAK,CAAC,CAAC,CAAC,KAAK,CAAC,CAAC,SAAS,CAAC,CAAC,CAAC,CAAC,CAAC,CAAC,CAAC,CAAC,CAAC,CAAC;AACpC,CAAC;AACD,CAAC,CAAC,OAAO,CAAC,GAAG,CAAC,CAAC,CAAC,CAAC,CAAC,GAAG,CAAC,OAAO,CAAC,CAAC,OAAO,CAAC,QAAQ,CAAC;AAChD,CAAC;AACD,CAAC,CAAC,CAAC,CAAC,CAAC,UAAU,CAAC,EAAE,CAAC,CAAC,KAAK,CAAC,EAAE,CAAC,GAAG,CAAC,CAAC;AAClC,CAAC,CAAC,EAAE,CAAC,CAAC,KAAK,CAAC,QAAQ,CAAC,CAAC,OAAO,CAAC,CAAC,CAAC,CAAC;AACjC,CAAC,CAAC,CAAC,CAAC,OAAO,CAAC,GAAG,CAAC,CAAC,CAAC,CAAC,CAAC,GAAG,CAAC,OAAO,CAAC,CAAC,OAAO,CAAC;AACzC,CAAC,CAAC,CAAC,CAAC,MAAM,CAAC,YAAY,CAAC,IAAI,CAAC;AAC7B,CAAC,CAAC,CAAC,CAAC,CAAC,CAAC,IAAI,CAAC,CAAC,CAAC,CAAC,IAAI,CAAC;AACnB,CAAC,CAAC,CAAC,CAAC,CAAC;AACL,CAAC,CAAC;AACF,CAAC;AACD,CAAC,CAAC,EAAE,CAAC,CAAC,KAAK,CAAC,QAAQ,CAAC,CAAC,UAAU,CAAC,CAAC,CAAC,CAAC;AACpC,CAAC,CAAC,CAAC,CAAC,OAAO,CAAC,GAAG,CAAC,CAAC,CAAC,CAAC,CAAC,GAAG,CAAC,OAAO,CAAC,CAAC,UAAU,CAAC;AAC5C,CAAC,CAAC,CAAC,CAAC,MAAM,CAAC,YAAY,CAAC,IAAI,CAAC;AAC7B,CAAC,CAAC,CAAC,CAAC,CAAC,CAAC,IAAI,CAAC,CAAC,CAAC,CAAC,OAAO,CAAC;AACtB,CAAC,CAAC,CAAC,CAAC,CAAC;AACL,CAAC,CAAC;AACF,CAAC;AACD,CAAC,CAAC,EAAE,CAAC,CAAC,KAAK,CAAC,QAAQ,CAAC,CAAC,OAAO,CAAC,CAAC,CAAC,CAAC;AACjC,CAAC,CAAC,CAAC,CAAC,OAAO,CAAC,GAAG,CAAC,CAAC,CAAC,CAAC,CAAC,GAAG,CAAC,OAAO,CAAC,CAAC,OAAO,CAAC;AACzC,CAAC,CAAC,CAAC,CAAC,MAAM,CAAC,YAAY,CAAC,IAAI,CAAC;AAC7B,CAAC,CAAC,CAAC,CAAC,CAAC,CAAC,IAAI,CAAC,CAAC,CAAC,CAAC,IAAI,CAAC;AACnB,CAAC,CAAC,CAAC,CAAC,CAAC;AACL,CAAC,CAAC;AACF,CAAC;AACD,CAAC,CAAC,EAAE,CAAC,CAAC,KAAK,CAAC,QAAQ,CAAC,CAAC,eAAe,CAAC,CAAC,CAAC,CAAC;AACzC,CAAC,CAAC,CAAC,CAAC,OAAO,CAAC,GAAG,CAAC,CAAC,CAAC,CAAC,CAAC,GAAG,CAAC,OAAO,CAAC,CAAC,eAAe,CAAC,CAAC,CAAC,SAAS;AAC5D,CAAC,CAAC,CAAC,CAAC,GAAG,CAAC,QAAQ,CAAC,CAAC,CAAC;AACnB,CAAC,CAAC,CAAC;AACH,CAAC,CAAC,CAAC,CAAC,EAAE,CAAC,CAAC,SAAS,CAAC,IAAI,CAAC,CAAC;AACxB,CAAC,CAAC,CAAC,CAAC,CAAC,CAAC,QAAQ,CAAC,CAAC,CAAC,QAAQ,CAAC,MAAM,CAAC,CAAC,CAAC,CAAC,CAAC,CAAC,CAAC,CAAC,IAAI,CAAC,CAAC,CAAC,CAAC,CAAC,SAAS,CAAC,IAAI;AAC/D,CAAC,CAAC,CAAC,CAAC;AACJ,CAAC,CAAC,CAAC;AACH,CAAC,CAAC,CAAC,CAAC,EAAE,CAAC,CAAC,SAAS,CAAC,KAAK,CAAC,CAAC;AACzB,CAAC,CAAC,CAAC,CAAC,CAAC,CAAC,QAAQ,CAAC,CAAC,CAAC,QAAQ,CAAC,MAAM,CAAC,CAAC,CAAC,CAAC,CAAC,CAAC,CAAC,CAAC,KAAK,CAAC,CAAC,CAAC,CAAC,CAAC,SAAS,CAAC,KAAK;AACjE,CAAC,CAAC,CAAC,CAAC;AACJ,CAAC,CAAC,CAAC;AACH,CAAC,CAAC,CAAC,CAAC,MAAM,CAAC,YAAY,CAAC,IAAI,CAAC;AAC7B,CAAC,CAAC,CAAC,CAAC,CAAC,CAAC,IAAI,CAAC,CAAC,CAAC,CAAC,YAAY,CAAC,CAAC,QAAQ,CAAC;AACrC,CAAC,CAAC,CAAC,CAAC,CAAC;AACL,CAAC,CAAC;AACF,CAAC;AACD,CAAC,CAAC,CAAC,CAAC,CAAC,KAAK,CAAC,EAAE,CAAC;AACd,CAAC,CAAC,MAAM,CAAC,YAAY,CAAC,IAAI,CAAC;AAC3B,CAAC,CAAC,CAAC,CAAC,MAAM,CAAC,CAAC,CAAC,CAAC,CAAC,OAAO,CAAC,CAAC,CAAC,OAAO,CAAC,KAAK,CAAC,CAAC,CAAC;AACzC,CAAC,CAAC,CAAC,CAAC,CAAC,CAAC,CAAC,MAAM,CAAC,CAAC,GAAG,CAAC,CAAC;AACpB,CAAC;;AAED,MAAM,CAAC,KAAK,CAAC,QAAQ,CAAC,CAAC,CAAC,CAAC,CAAC,CAAC,CAAC,YAAY,CAAC,CAAC,cAAc;"
    },
    "_coverageSchema": "1a1c01bbd47fc00a2c39e90264f33305004495a9",
    "hash": "59351dac1473f04b22b72bfe2cbca08858101983"
  },
  "/Users/rodrigosanchez/Library/Mobile Documents/com~apple~CloudDocs/DUOC/DESARROLLO FRONTEND II_001A/Semana 9 EFT/cuidado-animal-testing-jest-cypress-/src/mocks/browser.js": {
    "path": "/Users/rodrigosanchez/Library/Mobile Documents/com~apple~CloudDocs/DUOC/DESARROLLO FRONTEND II_001A/Semana 9 EFT/cuidado-animal-testing-jest-cypress-/src/mocks/browser.js",
    "statementMap": {
      "0": {
        "start": {
          "line": 4,
          "column": 22
        },
        "end": {
          "line": 4,
          "column": 46
        }
      }
    },
    "fnMap": {},
    "branchMap": {},
    "s": {
      "0": 56
    },
    "f": {},
    "b": {},
    "inputSourceMap": {
      "version": 3,
      "sources": [
        "/Users/rodrigosanchez/Library/Mobile Documents/com~apple~CloudDocs/DUOC/DESARROLLO FRONTEND II_001A/Semana 9 EFT/cuidado-animal-testing-jest-cypress-/src/mocks/browser.js"
      ],
      "names": [],
      "mappings": "AAAA,MAAM,CAAC,CAAC,CAAC,WAAW,CAAC,CAAC,CAAC,IAAI,CAAC,CAAC,GAAG,CAAC,OAAO;AACxC,MAAM,CAAC,CAAC,CAAC,QAAQ,CAAC,CAAC,CAAC,IAAI,CAAC,CAAC,CAAC,CAAC,QAAQ;;AAEpC,MAAM,CAAC,KAAK,CAAC,MAAM,CAAC,CAAC,CAAC,WAAW,CAAC,CAAC,CAAC,CAAC,QAAQ;"
    },
    "_coverageSchema": "1a1c01bbd47fc00a2c39e90264f33305004495a9",
    "hash": "4d44e018db301298d9a3cf8e65b04514939ba4dc"
  },
  "/Users/rodrigosanchez/Library/Mobile Documents/com~apple~CloudDocs/DUOC/DESARROLLO FRONTEND II_001A/Semana 9 EFT/cuidado-animal-testing-jest-cypress-/src/api/types.js": {
    "path": "/Users/rodrigosanchez/Library/Mobile Documents/com~apple~CloudDocs/DUOC/DESARROLLO FRONTEND II_001A/Semana 9 EFT/cuidado-animal-testing-jest-cypress-/src/api/types.js",
    "statementMap": {},
    "fnMap": {},
    "branchMap": {},
    "s": {},
    "f": {},
    "b": {}
  }
}
